1 #NS 0 TrueType
2 #NS 1 I
0 #EC 1 
1 #ES 0
#IND 0 1 1 1 2 0 
3 #NS 0 TrueType_I
2 #EC 2 
#DEF 3 0 2 
4 #NS 0 FalseType
#IND 0 4 1 0  
5 #NS 0 Original_False
#IND 0 5 1 0  
6 #NS 0 mybool
7 #NS 6 mytrue
3 #EC 6 
8 #NS 6 myfalse
1 #US 0
4 #ES 1
#IND 0 6 4 2 7 3 8 3 
9 #NS 0 mybool_mytrue
5 #EC 7 
#DEF 9 3 5 
10 #NS 0 mybool_myfalse
6 #EC 8 
#DEF 10 3 6 
11 #NS 0 nat
12 #NS 11 O
7 #EC 11 
13 #NS 11 S
14 #NS 0 a
15 #NS 14 _@
16 #NS 15 Solution
17 #NS 16 _hyg
18 #NI 17 49
8 #EP #BD 18 7 7
2 #US 1
9 #ES 2
#IND 0 11 9 2 12 7 13 8 
19 #NS 0 nat_O
10 #EC 12 
#DEF 19 7 10 
20 #NS 0 nat_S
11 #EC 13 
#DEF 20 8 11 
21 #NS 0 S
#DEF 21 8 11 
22 #NS 0 O
#DEF 22 7 10 
23 #NS 0 PUnit
24 #NS 23 unit
25 #NS 0 u
3 #UP 25
12 #EC 23 3
13 #ES 3
#IND 0 23 13 1 24 12 25
26 #NS 0 PProd
27 #NS 26 mk
28 #NS 0 α
29 #NS 0 β
30 #NS 0 v
4 #UP 30
14 #ES 4
31 #NS 0 fst
15 #EV 1
32 #NS 0 snd
16 #EC 26 3 4
17 #EV 3
18 #EA 16 17
19 #EV 2
20 #EA 18 19
21 #EP #BD 32 15 20
22 #EP #BD 31 15 21
23 #EP #BI 29 14 22
24 #EP #BI 28 13 23
5 #UM 1 3
6 #UM 5 4
25 #ES 6
26 #EP #BD 29 14 25
27 #EP #BD 28 13 26
#IND 2 26 27 1 27 24 25 30
33 #NS 11 below
34 #NS 0 motive
35 #NS 0 t
28 #EP #BD 35 7 13
29 #ES 5
30 #EP #BD 35 7 29
31 #EP #BI 34 28 30
36 #NS 11 rec
7 #US 5
32 #EC 36 7
33 #EL #BD 35 7 29
34 #EA 32 33
35 #EC 23 5
36 #EA 34 35
37 #NS 0 a_ih
38 #NS 37 _@
39 #NS 38 Solution
40 #NS 39 _hyg
41 #NI 40 49
37 #EC 26 3 5
38 #EA 17 15
39 #EA 37 38
40 #EV 0
41 #EA 39 40
42 #EL #BD 41 29 41
43 #EL #BD 18 7 42
44 #EA 36 43
45 #EA 44 40
46 #EL #BD 35 7 45
47 #EL #BI 34 28 46
#DEF 33 31 47 25
42 #NS 11 brecOn
43 #NS 0 F_1
44 #NS 0 f
48 #EC 33 3
49 #EA 48 19
50 #EA 49 40
51 #EP #BD 44 50 38
52 #EP #BD 35 7 51
53 #EA 19 15
54 #EP #BD 43 52 53
55 #EP #BD 35 7 54
56 #EP #BI 34 28 55
57 #EC 36 5
58 #EA 17 40
59 #EA 37 58
60 #EA 48 17
61 #EA 60 40
62 #EA 59 61
63 #EL #BD 35 7 62
64 #EA 57 63
65 #EC 27 3 5
66 #EA 19 10
67 #EA 65 66
68 #EA 67 35
69 #EA 40 10
70 #EC 24 5
71 #EA 69 70
72 #EA 68 71
73 #EA 72 70
74 #EA 64 73
75 #EV 4
76 #EA 11 15
77 #EA 75 76
78 #EA 65 77
79 #EA 75 15
80 #EA 37 79
81 #EA 48 75
82 #EA 81 15
83 #EA 80 82
84 #EA 78 83
85 #EA 19 76
86 #EA 85 40
87 #EA 84 86
88 #EA 87 40
89 #EL #BD 41 62 88
90 #EL #BD 18 7 89
91 #EA 74 90
92 #EA 91 15
93 #EJ 26 0 92
94 #EL #BD 43 52 93
95 #EL #BD 35 7 94
96 #EL #BI 34 28 95
#DEF 42 56 96 25
45 #NS 11 casesOn
97 #EA 15 10
98 #EA 11 40
99 #EA 17 98
100 #EP #BD 18 7 99
101 #EA 17 19
102 #EP #BD 21 100 101
103 #EP #BD 22 97 102
104 #EP #BD 35 7 103
105 #EP #BI 34 28 104
106 #EC 36 3
107 #EA 106 17
108 #EA 107 15
109 #EA 75 40
110 #EL #BD 41 109 53
111 #EL #BD 18 7 110
112 #EA 108 111
113 #EA 112 19
114 #EL #BD 21 100 113
115 #EL #BD 22 97 114
116 #EL #BD 35 7 115
117 #EL #BI 34 28 116
#DEF 45 105 117 25
46 #NS 0 nat_add
47 #NS 46 match_1
48 #NS 0 x
49 #NS 48 _@
50 #NS 49 Solution
51 #NS 50 _hyg
52 #NI 51 87
53 #NI 52 106
54 #NI 51 88
55 #NI 54 109
56 #NS 0 u_1
8 #UP 56
118 #ES 8
119 #EP #BD 55 7 118
120 #EP #BD 53 7 119
57 #NS 0 h_1
58 #NS 0 m
121 #EA 17 10
122 #EA 121 40
123 #EP #BD 58 7 122
59 #NS 0 h_2
60 #NS 0 n
124 #EV 5
125 #EA 124 76
126 #EA 125 40
127 #EP #BD 58 7 126
128 #EP #BD 60 7 127
129 #EA 75 17
130 #EA 129 19
131 #EP #BD 59 128 130
132 #EP #BD 57 123 131
133 #EP #BD 55 7 132
134 #EP #BD 53 7 133
135 #EP #BD 34 120 134
136 #EC 45 8
137 #EA 124 40
138 #EA 137 17
139 #EL #BD 48 7 138
140 #EA 136 139
141 #EA 140 17
142 #EA 15 19
143 #EA 141 142
61 #NI 18 132
144 #EA 15 40
145 #EA 144 17
146 #EL #BD 61 7 145
147 #EA 143 146
148 #EL #BD 59 128 147
149 #EL #BD 57 123 148
150 #EL #BD 55 7 149
151 #EL #BD 53 7 150
152 #EL #BD 34 120 151
#DEF 47 135 152 56
62 #NI 17 82
153 #EP #BD 62 7 8
154 #EC 42 2
155 #EL #BD 52 7 8
156 #EA 154 155
157 #EA 156 15
158 #EC 33 2
159 #EA 158 155
160 #EA 159 40
161 #EC 47 2
63 #NI 51 133
162 #EA 159 15
163 #EP #BD 63 162 7
164 #EL #BD 55 7 163
165 #EL #BD 53 7 164
166 #EA 161 165
167 #EA 166 19
168 #EA 167 40
169 #EA 159 10
170 #EL #BD 63 169 15
171 #EL #BD 58 7 170
172 #EA 168 171
173 #EA 159 76
174 #EJ 26 0 40
175 #EA 174 15
176 #EA 11 175
177 #EL #BD 63 173 176
178 #EL #BD 58 7 177
179 #EL #BD 60 7 178
180 #EA 172 179
181 #EA 180 15
182 #EL #BD 54 7 181
183 #EL #BD 44 160 182
184 #EL #BD 52 7 183
185 #EA 157 184
186 #EA 185 40
187 #EL #BD 54 7 186
188 #EL #BD 52 7 187
#DEF 46 153 188 
64 #NS 0 nat_sub
65 #NS 64 match_1
66 #NI 51 142
67 #NI 66 161
68 #NI 51 143
69 #NI 68 164
189 #EA 58 10
190 #EP #BD 60 7 189
70 #NI 18 181
191 #EA 75 10
192 #EA 191 98
193 #EP #BD 70 7 192
71 #NS 0 h_3
194 #EV 6
195 #EA 194 76
196 #EA 195 98
197 #EP #BD 58 7 196
198 #EP #BD 60 7 197
199 #EA 124 75
200 #EA 199 17
201 #EP #BD 71 198 200
202 #EP #BD 59 193 201
203 #EP #BD 57 190 202
204 #EP #BD 69 7 203
205 #EP #BD 67 7 204
206 #EP #BD 34 120 205
207 #EA 194 40
208 #EA 207 75
209 #EL #BD 48 7 208
210 #EA 136 209
211 #EA 210 75
212 #EA 194 10
213 #EA 212 40
214 #EL #BD 48 7 213
215 #EA 136 214
216 #EA 215 17
217 #EA 216 66
72 #NI 18 199
218 #EA 19 40
219 #EL #BD 72 7 218
220 #EA 217 219
221 #EA 211 220
73 #NI 18 198
222 #EV 7
223 #EA 222 76
224 #EA 223 40
225 #EL #BD 48 7 224
226 #EA 136 225
227 #EA 226 75
228 #EA 227 99
74 #NI 18 200
229 #EA 53 40
230 #EL #BD 74 7 229
231 #EA 228 230
232 #EL #BD 73 7 231
233 #EA 221 232
234 #EL #BD 71 198 233
235 #EL #BD 59 193 234
236 #EL #BD 57 190 235
237 #EL #BD 69 7 236
238 #EL #BD 67 7 237
239 #EL #BD 34 120 238
#DEF 65 206 239 56
240 #EC 65 2
241 #EA 240 165
242 #EA 241 19
243 #EA 242 40
75 #NI 51 201
244 #EL #BD 75 160 15
245 #EL #BD 60 7 244
246 #EA 243 245
247 #EL #BD 75 169 10
248 #EL #BD 70 7 247
249 #EA 246 248
250 #EL #BD 75 173 175
251 #EL #BD 58 7 250
252 #EL #BD 60 7 251
253 #EA 249 252
254 #EA 253 15
255 #EL #BD 68 7 254
256 #EL #BD 44 160 255
257 #EL #BD 66 7 256
258 #EA 157 257
259 #EA 258 40
260 #EL #BD 68 7 259
261 #EL #BD 66 7 260
#DEF 64 153 261 
76 #NS 0 nat_mul
77 #NI 51 210
78 #NI 51 211
262 #EA 168 248
79 #NI 51 259
263 #EC 46 
264 #EA 263 15
265 #EA 264 175
266 #EL #BD 79 173 265
267 #EL #BD 58 7 266
268 #EL #BD 60 7 267
269 #EA 262 268
270 #EA 269 15
271 #EL #BD 78 7 270
272 #EL #BD 44 160 271
273 #EL #BD 77 7 272
274 #EA 157 273
275 #EA 274 40
276 #EL #BD 78 7 275
277 #EL #BD 77 7 276
#DEF 76 153 277 
80 #NS 0 Unit
278 #EC 23 1
#DEF 80 4 278 
81 #NS 80 unit
279 #EC 80 
280 #EC 24 1
#DEF 81 279 280 
82 #NS 0 nat_pred
83 #NS 82 match_1
84 #NI 51 266
85 #NI 84 277
281 #EP #BD 0 279 66
282 #EP #BD 57 281 102
283 #EP #BD 85 7 282
284 #EP #BD 34 119 283
285 #EL #BD 48 7 109
286 #EA 136 285
287 #EA 286 19
288 #EC 81 
289 #EA 15 288
290 #EA 287 289
86 #NI 18 289
291 #EL #BD 86 7 144
292 #EA 290 291
293 #EL #BD 59 100 292
294 #EL #BD 57 281 293
295 #EL #BD 85 7 294
296 #EL #BD 34 119 295
#DEF 83 284 296 56
297 #EC 83 2
298 #EL #BD 85 7 7
299 #EA 297 298
300 #EA 299 40
87 #NS 0 _
301 #EL #BD 87 279 10
302 #EA 300 301
303 #EL #BD 60 7 40
304 #EA 302 303
305 #EL #BD 84 7 304
#DEF 82 8 305 
88 #NS 0 Nat_add
#DEF 88 153 263 
89 #NS 0 Nat_sub
306 #EC 64 
#DEF 89 153 306 
90 #NS 0 Nat_mul
307 #EC 76 
#DEF 90 153 307 
91 #NS 0 Nat_pred
308 #EC 82 
#DEF 91 8 308 
92 #NS 0 nat_eqb
93 #NS 92 match_1
94 #NI 51 313
95 #NI 94 332
96 #NI 51 314
97 #NI 96 335
309 #EA 121 10
310 #EP #BD 0 279 309
311 #EA 125 98
312 #EP #BD 58 7 311
313 #EP #BD 60 7 312
98 #NI 51 365
99 #NI 51 364
314 #EA 194 15
315 #EA 314 40
316 #EP #BD 99 7 315
317 #EP #BD 98 7 316
318 #EP #BD 71 317 200
319 #EP #BD 59 313 318
320 #EP #BD 57 310 319
321 #EP #BD 97 7 320
322 #EP #BD 95 7 321
323 #EP #BD 34 120 322
324 #EA 19 288
325 #EA 216 324
100 #NI 18 370
326 #EA 97 98
327 #EL #BD 100 7 326
328 #EA 325 327
329 #EA 211 328
101 #NI 18 369
330 #EA 15 98
331 #EA 330 10
332 #EA 227 331
102 #NI 18 371
333 #EA 38 40
334 #EL #BD 102 7 333
335 #EA 332 334
336 #EL #BD 101 7 335
337 #EA 329 336
338 #EL #BD 71 317 337
339 #EL #BD 59 313 338
340 #EL #BD 57 310 339
341 #EL #BD 97 7 340
342 #EL #BD 95 7 341
343 #EL #BD 34 120 342
#DEF 93 323 343 56
103 #NI 17 308
104 #NI 17 310
344 #EP #BD 104 7 3
345 #EP #BD 103 7 344
346 #EL #BD 94 7 344
347 #EA 154 346
348 #EA 347 15
349 #EA 158 346
350 #EA 349 40
351 #EC 93 2
105 #NI 51 372
352 #EA 349 15
353 #EP #BD 105 352 3
354 #EL #BD 97 7 353
355 #EL #BD 95 7 354
356 #EA 351 355
357 #EA 356 19
358 #EA 357 40
359 #EA 349 10
360 #EL #BD 105 359 5
361 #EL #BD 0 279 360
362 #EA 358 361
363 #EA 349 76
364 #EL #BD 105 363 175
365 #EL #BD 58 7 364
366 #EL #BD 60 7 365
367 #EA 362 366
368 #EL #BD 105 352 6
369 #EL #BD 99 7 368
370 #EL #BD 98 7 369
371 #EA 367 370
372 #EA 371 15
373 #EL #BD 96 7 372
374 #EL #BD 44 350 373
375 #EL #BD 94 7 374
376 #EA 348 375
377 #EA 376 40
378 #EL #BD 96 7 377
379 #EL #BD 94 7 378
#DEF 92 345 379 
106 #NS 0 nat_leb
107 #NS 106 match_1
108 #NI 51 381
109 #NI 108 400
110 #NI 51 382
111 #NI 110 403
112 #NI 18 422
380 #EA 75 98
381 #EA 380 10
382 #EP #BD 112 7 381
383 #EP #BD 59 382 201
384 #EP #BD 57 123 383
385 #EP #BD 111 7 384
386 #EP #BD 109 7 385
387 #EP #BD 34 120 386
388 #EA 19 17
389 #EA 211 388
113 #NI 18 439
390 #EA 227 218
391 #EA 390 230
392 #EL #BD 113 7 391
393 #EA 389 392
394 #EL #BD 71 198 393
395 #EL #BD 59 382 394
396 #EL #BD 57 123 395
397 #EL #BD 111 7 396
398 #EL #BD 109 7 397
399 #EL #BD 34 120 398
#DEF 107 387 399 56
400 #EC 107 2
401 #EA 400 355
402 #EA 401 19
403 #EA 402 40
114 #NI 51 410
404 #EL #BD 114 7 360
405 #EA 403 404
115 #NI 51 441
406 #EA 349 98
407 #EL #BD 115 406 6
408 #EL #BD 112 7 407
409 #EA 405 408
410 #EA 409 366
411 #EA 410 15
412 #EL #BD 110 7 411
413 #EL #BD 44 350 412
414 #EL #BD 108 7 413
415 #EA 348 414
416 #EA 415 40
417 #EL #BD 110 7 416
418 #EL #BD 108 7 417
#DEF 106 345 418 
116 #NS 6 casesOn
419 #EP #BD 35 3 13
117 #NS 0 mytrue
420 #EA 15 5
118 #NS 0 myfalse
421 #EA 19 6
422 #EP #BD 118 421 101
423 #EP #BD 117 420 422
424 #EP #BD 35 3 423
425 #EP #BI 34 419 424
119 #NS 6 rec
426 #EC 119 3
427 #EA 426 17
428 #EA 427 15
429 #EA 428 40
430 #EA 429 19
431 #EL #BD 118 421 430
432 #EL #BD 117 420 431
433 #EL #BD 35 3 432
434 #EL #BI 34 419 433
#DEF 116 425 434 25
120 #NS 0 bool_negb
121 #NS 120 match_1
122 #NI 51 448
123 #NI 122 459
435 #EP #BD 123 3 118
436 #EA 19 5
437 #EP #BD 0 279 436
438 #EA 17 6
439 #EP #BD 0 279 438
440 #EP #BD 59 439 101
441 #EP #BD 57 437 440
442 #EP #BD 123 3 441
443 #EP #BD 34 435 442
444 #EC 116 8
445 #EL #BD 48 3 109
446 #EA 444 445
447 #EA 446 19
448 #EA 447 289
449 #EA 40 288
450 #EA 448 449
451 #EL #BD 59 439 450
452 #EL #BD 57 437 451
453 #EL #BD 123 3 452
454 #EL #BD 34 435 453
#DEF 121 443 454 56
124 #NI 17 445
455 #EP #BD 124 3 3
456 #EC 121 1
457 #EL #BD 123 3 3
458 #EA 456 457
459 #EA 458 40
460 #EL #BD 87 279 6
461 #EA 459 460
462 #EL #BD 87 279 5
463 #EA 461 462
464 #EL #BD 122 3 463
#DEF 120 455 464 
125 #NS 0 bool_andb
126 #NS 125 match_1
127 #NI 51 477
128 #NI 127 496
465 #EP #BD 128 3 435
129 #NI 51 478
130 #NI 129 499
131 #NS 0 b
466 #EA 17 5
467 #EA 466 40
468 #EP #BD 131 3 467
132 #NI 51 514
469 #EA 75 6
470 #EA 469 40
471 #EP #BD 132 3 470
472 #EP #BD 59 471 130
473 #EP #BD 57 468 472
474 #EP #BD 130 3 473
475 #EP #BD 128 3 474
476 #EP #BD 34 465 475
477 #EL #BD 48 3 138
478 #EA 444 477
479 #EA 478 17
480 #EA 479 142
481 #EA 40 19
482 #EA 480 481
483 #EL #BD 59 471 482
484 #EL #BD 57 468 483
485 #EL #BD 130 3 484
486 #EL #BD 128 3 485
487 #EL #BD 34 465 486
#DEF 126 476 487 56
133 #NI 17 472
488 #EP #BD 133 3 455
489 #EC 126 1
490 #EL #BD 128 3 457
491 #EA 489 490
492 #EA 491 15
493 #EA 492 40
494 #EL #BD 131 3 40
495 #EA 493 494
496 #EL #BD 132 3 6
497 #EA 495 496
498 #EL #BD 129 3 497
499 #EL #BD 127 3 498
#DEF 125 488 499 
134 #NS 0 bool_eqb
135 #NS 134 match_1
136 #NI 51 525
137 #NI 136 544
138 #NI 51 526
139 #NI 138 547
500 #EA 466 5
501 #EP #BD 0 279 500
502 #EA 469 6
503 #EP #BD 0 279 502
140 #NI 51 573
141 #NI 51 572
504 #EP #BD 141 3 315
505 #EP #BD 140 3 504
506 #EP #BD 71 505 200
507 #EP #BD 59 503 506
508 #EP #BD 57 501 507
509 #EP #BD 139 3 508
510 #EP #BD 137 3 509
511 #EP #BD 34 465 510
512 #EL #BD 48 3 208
513 #EA 444 512
514 #EA 513 75
515 #EA 194 5
516 #EA 515 40
517 #EL #BD 48 3 516
518 #EA 444 517
519 #EA 518 17
520 #EA 519 324
521 #EA 40 5
522 #EA 521 6
523 #EA 520 522
524 #EA 514 523
525 #EA 194 6
526 #EA 525 40
527 #EL #BD 48 3 526
528 #EA 444 527
529 #EA 528 17
530 #EA 40 6
531 #EA 530 5
532 #EA 529 531
533 #EA 532 289
534 #EA 524 533
535 #EL #BD 71 505 534
536 #EL #BD 59 503 535
537 #EL #BD 57 501 536
538 #EL #BD 139 3 537
539 #EL #BD 137 3 538
540 #EL #BD 34 465 539
#DEF 135 511 540 56
541 #EC 135 1
542 #EA 541 490
543 #EA 542 15
544 #EA 543 40
545 #EA 544 462
546 #EA 545 462
547 #EL #BD 140 3 496
548 #EA 546 547
549 #EL #BD 138 3 548
550 #EL #BD 136 3 549
#DEF 134 488 550 
142 #NS 0 option
143 #NS 142 None
144 #NS 0 A
551 #EC 142 
552 #EA 551 40
553 #EP #BI 144 4 552
145 #NS 142 Some
146 #NI 17 583
554 #EA 551 15
555 #EP #BD 146 40 554
556 #EP #BI 144 4 555
557 #EP #BD 144 4 4
#IND 1 142 557 2 143 553 145 556 
147 #NS 0 None
558 #EC 143 
#DEF 147 553 558 
148 #NS 0 Some
559 #EC 145 
#DEF 148 556 559 
149 #NS 0 prod
150 #NS 149 pair
151 #NS 0 B
152 #NI 17 614
153 #NI 17 616
560 #EC 149 
561 #EA 560 17
562 #EA 561 19
563 #EP #BD 153 15 562
564 #EP #BD 152 15 563
565 #EP #BI 151 4 564
566 #EP #BI 144 4 565
567 #EP #BD 144 4 557
#IND 2 149 567 1 150 566 
154 #NS 0 pair
568 #EC 150 
#DEF 154 566 568 
155 #NS 0 list
156 #NS 155 nil
569 #EC 155 
570 #EA 569 40
571 #EP #BI 144 4 570
157 #NS 155 cons
158 #NI 17 653
159 #NI 17 655
572 #EA 569 15
573 #EA 569 19
574 #EP #BD 159 572 573
575 #EP #BD 158 40 574
576 #EP #BI 144 4 575
#IND 1 155 557 2 156 571 157 576 
160 #NS 0 nil
577 #EC 156 
#DEF 160 571 577 
161 #NS 0 cons
578 #EC 157 
#DEF 161 576 578 
162 #NS 0 or
163 #NS 162 inl
164 #NI 17 694
579 #EC 162 
580 #EA 579 19
581 #EA 580 15
582 #EP #BD 164 15 581
583 #EP #BI 151 1 582
584 #EP #BI 144 1 583
165 #NS 162 inr
166 #NI 17 699
585 #EP #BD 166 40 581
586 #EP #BI 151 1 585
587 #EP #BI 144 1 586
588 #EP #BD 151 1 1
589 #EP #BD 144 1 588
#IND 2 162 589 2 163 584 165 587 
167 #NS 0 Logic_not
168 #NI 17 708
590 #EC 4 
591 #EP #BD 168 40 590
592 #EL #BD 144 1 591
#DEF 167 588 592 
169 #NS 0 Corelib_Init_Logic_eq
170 #NS 169 refl
9 #US 3
593 #ES 9
594 #EC 169 3
595 #EA 594 15
596 #EA 595 40
597 #EA 596 40
598 #EP #BD 14 40 597
599 #EP #BI 144 593 598
171 #NI 17 715
172 #NI 17 717
600 #EP #BD 172 15 1
601 #EP #BD 171 40 600
602 #EP #BI 144 593 601
#IND 2 169 602 1 170 599 25
173 #NS 0 Corelib_Init_Logic_eq_Prop
174 #NS 173 refl
603 #EC 173 
604 #EA 603 15
605 #EA 604 40
606 #EA 605 40
607 #EP #BD 14 40 606
608 #EP #BI 144 1 607
609 #EP #BI 144 1 601
#IND 2 173 609 1 174 608 
175 #NS 0 ex
176 #NS 175 intro
177 #NS 0 P
178 #NI 17 739
610 #EP #BD 178 40 1
179 #NI 17 748
611 #EC 175 
612 #EA 611 17
613 #EA 612 19
614 #EP #BD 179 144 613
615 #EP #BD 48 15 614
616 #EP #BI 177 610 615
617 #EP #BI 144 9 616
618 #EP #BD 177 610 1
619 #EP #BI 144 9 618
#IND 2 175 619 1 176 617 
180 #NS 0 ex_intro
181 #NS 0 h
620 #EC 176 
621 #EA 620 17
622 #EA 621 19
623 #EA 622 15
624 #EA 623 40
625 #EL #BD 181 144 624
626 #EL #BD 48 15 625
627 #EL #BI 177 610 626
628 #EL #BI 144 9 627
#DEF 180 617 628 
182 #NS 0 iff
183 #NS 182 intro
184 #NI 17 772
185 #NI 17 775
629 #EP #BD 185 15 15
186 #NI 17 778
187 #NI 17 781
630 #EP #BD 187 15 17
631 #EC 182 
632 #EA 631 17
633 #EA 632 19
634 #EP #BD 186 630 633
635 #EP #BD 184 629 634
636 #EP #BI 151 1 635
637 #EP #BI 144 1 636
#IND 2 182 589 1 183 637 
188 #NS 0 iff_intro
638 #EC 183 
639 #EA 638 15
640 #EA 639 40
641 #EL #BI 151 1 640
642 #EL #BI 144 1 641
#DEF 188 637 642 
189 #NS 0 Ascii_ascii
190 #NS 189 Ascii
191 #NI 17 798
192 #NI 17 800
193 #NI 17 802
194 #NI 17 804
195 #NI 17 806
196 #NI 17 808
197 #NI 17 810
198 #NI 17 812
643 #EC 189 
644 #EP #BD 198 3 643
645 #EP #BD 197 3 644
646 #EP #BD 196 3 645
647 #EP #BD 195 3 646
648 #EP #BD 194 3 647
649 #EP #BD 193 3 648
650 #EP #BD 192 3 649
651 #EP #BD 191 3 650
#IND 0 189 4 1 190 651 
199 #NS 0 Ascii
#DEF 199 4 643 
200 #NS 0 Ascii_Ascii
652 #EC 190 
#DEF 200 651 652 
201 #NS 189 casesOn
653 #EP #BD 35 643 13
654 #EV 9
655 #EA 652 222
656 #EA 655 194
657 #EA 656 124
658 #EA 657 75
659 #EA 658 17
660 #EA 659 19
661 #EA 660 15
662 #EA 661 40
663 #EA 654 662
664 #EP #BD 198 3 663
665 #EP #BD 197 3 664
666 #EP #BD 196 3 665
667 #EP #BD 195 3 666
668 #EP #BD 194 3 667
669 #EP #BD 193 3 668
670 #EP #BD 192 3 669
671 #EP #BD 191 3 670
672 #EP #BD 199 671 53
673 #EP #BD 35 643 672
674 #EP #BI 34 653 673
202 #NS 189 rec
675 #EC 202 3
676 #EA 675 19
677 #EV 8
678 #EA 677 222
679 #EA 678 194
680 #EA 679 124
681 #EA 680 75
682 #EA 681 17
683 #EA 682 19
684 #EA 683 15
685 #EA 684 40
686 #EL #BD 198 3 685
687 #EL #BD 197 3 686
688 #EL #BD 196 3 687
689 #EL #BD 195 3 688
690 #EL #BD 194 3 689
691 #EL #BD 193 3 690
692 #EL #BD 192 3 691
693 #EL #BD 191 3 692
694 #EA 676 693
695 #EA 694 15
696 #EL #BD 199 671 695
697 #EL #BD 35 643 696
698 #EL #BI 34 653 697
#DEF 201 674 698 25
203 #NS 0 Ascii_eqb
204 #NS 203 match_1
205 #NI 51 887
206 #NI 205 906
207 #NI 51 888
208 #NI 207 909
699 #EP #BD 208 643 118
700 #EP #BD 206 643 699
209 #NS 0 a0
210 #NS 0 a1
211 #NS 0 a2
212 #NS 0 a3
213 #NS 0 a4
214 #NS 0 a5
215 #NS 0 a6
216 #NS 0 a7
217 #NS 0 b0
218 #NS 0 b1
219 #NS 0 b2
220 #NS 0 b3
221 #NS 0 b4
222 #NS 0 b5
223 #NS 0 b6
224 #NS 0 b7
701 #EV 18
702 #EV 15
703 #EA 652 702
704 #EV 14
705 #EA 703 704
706 #EV 13
707 #EA 705 706
708 #EV 12
709 #EA 707 708
710 #EV 11
711 #EA 709 710
712 #EV 10
713 #EA 711 712
714 #EA 713 654
715 #EA 714 677
716 #EA 701 715
717 #EA 716 662
718 #EP #BD 224 3 717
719 #EP #BD 223 3 718
720 #EP #BD 222 3 719
721 #EP #BD 221 3 720
722 #EP #BD 220 3 721
723 #EP #BD 219 3 722
724 #EP #BD 218 3 723
725 #EP #BD 217 3 724
726 #EP #BD 216 3 725
727 #EP #BD 215 3 726
728 #EP #BD 214 3 727
729 #EP #BD 213 3 728
730 #EP #BD 212 3 729
731 #EP #BD 211 3 730
732 #EP #BD 210 3 731
733 #EP #BD 209 3 732
734 #EA 101 15
735 #EP #BD 57 733 734
736 #EP #BD 208 643 735
737 #EP #BD 206 643 736
738 #EP #BD 34 700 737
739 #EC 201 8
740 #EA 109 19
741 #EL #BD 48 643 740
742 #EA 739 741
743 #EA 742 19
225 #NI 191 1007
226 #NI 192 1008
227 #NI 193 1009
228 #NI 194 1010
229 #NI 195 1011
230 #NI 196 1012
231 #NI 197 1013
232 #NI 198 1014
744 #EA 652 677
745 #EA 744 222
746 #EA 745 194
747 #EA 746 124
748 #EA 747 75
749 #EA 748 17
750 #EA 749 19
751 #EA 750 15
752 #EA 708 751
753 #EA 752 40
754 #EL #BD 48 643 753
755 #EA 739 754
756 #EA 755 654
233 #NI 191 1015
234 #NI 192 1016
235 #NI 193 1017
236 #NI 194 1018
237 #NI 195 1019
238 #NI 196 1020
239 #NI 197 1021
240 #NI 198 1022
757 #EV 16
758 #EA 757 702
759 #EA 758 704
760 #EA 759 706
761 #EA 760 708
762 #EA 761 710
763 #EA 762 712
764 #EA 763 654
765 #EA 764 677
766 #EA 765 222
767 #EA 766 194
768 #EA 767 124
769 #EA 768 75
770 #EA 769 17
771 #EA 770 19
772 #EA 771 15
773 #EA 772 40
774 #EL #BD 240 3 773
775 #EL #BD 239 3 774
776 #EL #BD 238 3 775
777 #EL #BD 237 3 776
778 #EL #BD 236 3 777
779 #EL #BD 235 3 778
780 #EL #BD 234 3 779
781 #EL #BD 233 3 780
782 #EA 756 781
783 #EL #BD 232 3 782
784 #EL #BD 231 3 783
785 #EL #BD 230 3 784
786 #EL #BD 229 3 785
787 #EL #BD 228 3 786
788 #EL #BD 227 3 787
789 #EL #BD 226 3 788
790 #EL #BD 225 3 789
791 #EA 743 790
792 #EL #BD 57 733 791
793 #EL #BD 208 643 792
794 #EL #BD 206 643 793
795 #EL #BD 34 700 794
#DEF 204 738 795 56
241 #NI 17 882
242 #NI 17 884
796 #EP #BD 242 643 3
797 #EP #BD 241 643 796
798 #EC 204 1
799 #EL #BD 208 643 3
800 #EL #BD 206 643 799
801 #EA 798 800
802 #EA 801 15
803 #EA 802 40
804 #EC 125 
805 #EC 134 
806 #EA 805 702
807 #EA 806 222
808 #EA 804 807
809 #EA 805 704
810 #EA 809 194
811 #EA 804 810
812 #EA 805 706
813 #EA 812 124
814 #EA 804 813
815 #EA 805 708
816 #EA 815 75
817 #EA 804 816
818 #EA 805 710
819 #EA 818 17
820 #EA 804 819
821 #EA 805 712
822 #EA 821 19
823 #EA 804 822
824 #EA 805 654
825 #EA 824 15
826 #EA 804 825
827 #EA 805 677
828 #EA 827 40
829 #EA 826 828
830 #EA 823 829
831 #EA 820 830
832 #EA 817 831
833 #EA 814 832
834 #EA 811 833
835 #EA 808 834
836 #EL #BD 224 3 835
837 #EL #BD 223 3 836
838 #EL #BD 222 3 837
839 #EL #BD 221 3 838
840 #EL #BD 220 3 839
841 #EL #BD 219 3 840
842 #EL #BD 218 3 841
843 #EL #BD 217 3 842
844 #EL #BD 216 3 843
845 #EL #BD 215 3 844
846 #EL #BD 214 3 845
847 #EL #BD 213 3 846
848 #EL #BD 212 3 847
849 #EL #BD 211 3 848
850 #EL #BD 210 3 849
851 #EL #BD 209 3 850
852 #EA 803 851
853 #EL #BD 207 643 852
854 #EL #BD 205 643 853
#DEF 203 797 854 
243 #NS 0 String_string
244 #NS 243 EmptyString
855 #EC 243 
245 #NS 243 String
246 #NI 17 1027
247 #NI 17 1029
856 #EP #BD 247 855 855
857 #EP #BD 246 643 856
#IND 0 243 4 2 244 855 245 857 
248 #NS 0 String_EmptyString
858 #EC 244 
#DEF 248 855 858 
249 #NS 0 String_String
859 #EC 245 
#DEF 249 857 859 
250 #NS 243 below
860 #EP #BD 35 855 13
861 #EP #BD 35 855 29
862 #EP #BI 34 860 861
251 #NS 243 rec
863 #EC 251 7
864 #EL #BD 35 855 29
865 #EA 863 864
866 #EA 865 35
252 #NI 40 1029
867 #EA 80 40
868 #EL #BD 252 29 867
869 #EL #BD 247 855 868
870 #EL #BD 246 643 869
871 #EA 866 870
872 #EA 871 40
873 #EL #BD 35 855 872
874 #EL #BI 34 860 873
#DEF 250 862 874 25
253 #NS 243 brecOn
875 #EC 250 3
876 #EA 875 19
877 #EA 876 40
878 #EP #BD 44 877 38
879 #EP #BD 35 855 878
880 #EP #BD 43 879 53
881 #EP #BD 35 855 880
882 #EP #BI 34 860 881
883 #EC 251 5
884 #EA 875 17
885 #EA 884 40
886 #EA 59 885
887 #EL #BD 35 855 886
888 #EA 883 887
889 #EA 19 858
890 #EA 65 889
891 #EA 890 35
892 #EA 40 858
893 #EA 892 70
894 #EA 891 893
895 #EA 894 70
896 #EA 888 895
897 #EA 37 109
898 #EA 875 75
899 #EA 898 40
900 #EA 897 899
901 #EA 859 19
902 #EA 901 15
903 #EA 124 902
904 #EA 65 903
905 #EA 124 15
906 #EA 37 905
907 #EA 875 124
908 #EA 907 15
909 #EA 906 908
910 #EA 904 909
911 #EA 17 902
912 #EA 911 40
913 #EA 910 912
914 #EA 913 40
915 #EL #BD 252 900 914
916 #EL #BD 247 855 915
917 #EL #BD 246 643 916
918 #EA 896 917
919 #EA 918 15
920 #EJ 26 0 919
921 #EL #BD 43 879 920
922 #EL #BD 35 855 921
923 #EL #BI 34 860 922
#DEF 253 882 923 25
254 #NS 243 casesOn
255 #NS 0 EmptyString
924 #EA 15 858
256 #NS 0 String
925 #EA 859 15
926 #EA 925 40
927 #EA 75 926
928 #EP #BD 247 855 927
929 #EP #BD 246 643 928
930 #EP #BD 256 929 101
931 #EP #BD 255 924 930
932 #EP #BD 35 855 931
933 #EP #BI 34 860 932
934 #EC 251 3
935 #EA 934 17
936 #EA 935 15
937 #EL #BD 252 137 734
938 #EL #BD 247 855 937
939 #EL #BD 246 643 938
940 #EA 936 939
941 #EA 940 19
942 #EL #BD 256 929 941
943 #EL #BD 255 924 942
944 #EL #BD 35 855 943
945 #EL #BI 34 860 944
#DEF 254 933 945 25
257 #NS 0 String_eqb
258 #NS 257 match_1
259 #NI 51 1062
260 #NI 259 1081
261 #NI 51 1063
262 #NI 261 1084
946 #EP #BD 262 855 118
947 #EP #BD 260 855 946
948 #EA 17 858
949 #EA 948 858
950 #EP #BD 0 279 949
263 #NS 0 c1
264 #NS 0 s1
265 #NS 0 c2
266 #NS 0 s2
951 #EA 859 17
952 #EA 951 19
953 #EA 222 952
954 #EA 953 926
955 #EP #BD 266 855 954
956 #EP #BD 265 643 955
957 #EP #BD 264 855 956
958 #EP #BD 263 643 957
267 #NI 51 1126
268 #NI 51 1125
959 #EP #BD 268 855 315
960 #EP #BD 267 855 959
961 #EP #BD 71 960 200
962 #EP #BD 59 958 961
963 #EP #BD 57 950 962
964 #EP #BD 262 855 963
965 #EP #BD 260 855 964
966 #EP #BD 34 947 965
967 #EC 254 8
968 #EL #BD 48 855 208
969 #EA 967 968
970 #EA 969 75
971 #EA 194 858
972 #EA 971 40
973 #EL #BD 48 855 972
974 #EA 967 973
975 #EA 974 17
976 #EA 975 324
269 #NI 246 1132
270 #NI 247 1133
977 #EA 889 926
978 #EL #BD 270 855 977
979 #EL #BD 269 643 978
980 #EA 976 979
981 #EA 970 980
271 #NI 246 1130
272 #NI 247 1131
982 #EA 677 902
983 #EA 982 40
984 #EL #BD 48 855 983
985 #EA 967 984
986 #EA 985 124
987 #EA 19 926
988 #EA 987 858
989 #EA 986 988
273 #NI 246 1134
274 #NI 247 1135
990 #EA 124 17
991 #EA 990 19
992 #EA 991 15
993 #EA 992 40
994 #EL #BD 274 855 993
995 #EL #BD 273 643 994
996 #EA 989 995
997 #EL #BD 272 855 996
998 #EL #BD 271 643 997
999 #EA 981 998
1000 #EL #BD 71 960 999
1001 #EL #BD 59 958 1000
1002 #EL #BD 57 950 1001
1003 #EL #BD 262 855 1002
1004 #EL #BD 260 855 1003
1005 #EL #BD 34 947 1004
#DEF 258 966 1005 56
275 #NI 17 1057
276 #NI 17 1059
1006 #EP #BD 276 855 3
1007 #EP #BD 275 855 1006
1008 #EC 253 1
1009 #EL #BD 259 855 1006
1010 #EA 1008 1009
1011 #EA 1010 15
1012 #EC 250 1
1013 #EA 1012 1009
1014 #EA 1013 40
1015 #EC 258 1
277 #NI 51 1136
1016 #EA 1013 15
1017 #EP #BD 277 1016 3
1018 #EL #BD 262 855 1017
1019 #EL #BD 260 855 1018
1020 #EA 1015 1019
1021 #EA 1020 19
1022 #EA 1021 40
1023 #EA 1013 858
1024 #EL #BD 277 1023 5
1025 #EL #BD 0 279 1024
1026 #EA 1022 1025
1027 #EA 1013 952
1028 #EC 203 
1029 #EA 1028 75
1030 #EA 1029 19
1031 #EA 804 1030
1032 #EA 1031 175
1033 #EL #BD 277 1027 1032
1034 #EL #BD 266 855 1033
1035 #EL #BD 265 643 1034
1036 #EL #BD 264 855 1035
1037 #EL #BD 263 643 1036
1038 #EA 1026 1037
1039 #EL #BD 277 1016 6
1040 #EL #BD 268 855 1039
1041 #EL #BD 267 855 1040
1042 #EA 1038 1041
1043 #EA 1042 15
1044 #EL #BD 261 855 1043
1045 #EL #BD 44 1014 1044
1046 #EL #BD 259 855 1045
1047 #EA 1011 1046
1048 #EA 1047 40
1049 #EL #BD 261 855 1048
1050 #EL #BD 259 855 1049
#DEF 257 1007 1050 
278 #NS 0 Original_LF__DOT__Poly_LF_Poly_doit3times
279 #NS 0 X
280 #NI 17 1314
1051 #EP #BD 280 40 15
1052 #EP #BD 60 15 19
1053 #EP #BD 44 1051 1052
1054 #EP #BD 279 9 1053
1055 #EA 15 144
1056 #EA 15 1055
1057 #EL #BD 60 15 1056
1058 #EL #BD 44 1051 1057
1059 #EL #BD 279 9 1058
#DEF 278 1054 1059 
281 #NS 0 doit3times_Type
1060 #EP #BD 279 4 1053
1061 #EL #BD 279 4 1058
#DEF 281 1060 1061 
282 #NS 0 Original_LF__DOT__Poly_LF_Poly_Exercises_cnat
#DEF 282 9 1060 
283 #NS 0 Original_LF__DOT__Poly_LF_Poly_Exercises_one
1062 #EC 282 
284 #NI 51 1362
1063 #EL #BD 48 15 144
1064 #EL #BD 44 1051 1063
1065 #EL #BD 284 4 1064
#DEF 283 1062 1065 
285 #NS 0 Original_LF__DOT__Poly_LF_Poly_Exercises_two
286 #NI 51 1373
1066 #EL #BD 48 15 1055
1067 #EL #BD 44 1051 1066
1068 #EL #BD 286 4 1067
#DEF 285 1062 1068 
287 #NS 0 Original_LF__DOT__Poly_LF_Poly_Exercises_three
1069 #EC 281 
#DEF 287 1062 1069 
288 #NS 0 Original_LF__DOT__Basics_LF_Basics_minustwo
289 #NS 288 match_1
290 #NI 51 1833
291 #NI 290 1844
292 #NS 0 n'
1070 #EA 11 98
1071 #EA 19 1070
1072 #EP #BD 292 7 1071
293 #NI 51 1857
1073 #EP #BD 293 7 58
1074 #EP #BD 59 1073 101
1075 #EP #BD 57 1072 1074
1076 #EP #BD 291 7 1075
1077 #EP #BD 34 119 1076
1078 #EA 287 69
294 #NI 18 1860
1079 #EA 124 98
1080 #EL #BD 48 7 1079
1081 #EA 136 1080
1082 #EA 1081 40
1083 #EA 11 10
1084 #EA 15 1083
1085 #EA 1082 1084
295 #NI 18 1861
1086 #EL #BD 295 7 58
1087 #EA 1085 1086
1088 #EL #BD 294 7 1087
1089 #EA 1078 1088
1090 #EL #BD 59 1073 1089
1091 #EL #BD 57 1072 1090
1092 #EL #BD 291 7 1091
1093 #EL #BD 34 119 1092
#DEF 289 1077 1093 56
1094 #EC 289 2
1095 #EA 1094 298
1096 #EA 1095 40
1097 #EA 1096 303
1098 #EL #BD 293 7 10
1099 #EA 1097 1098
1100 #EL #BD 290 7 1099
#DEF 288 8 1100 
296 #NS 0 n5
1101 #EA 11 1083
1102 #EA 11 1101
1103 #EA 11 1102
1104 #EA 11 1103
#DEF 296 7 1104 
297 #NS 0 Original_LF__DOT__Tactics_LF_Tactics_bar
298 #NS 297 match_1
299 #NI 51 1884
300 #NI 299 1895
301 #NI 51 1899
1105 #EP #BD 301 7 218
1106 #EP #BD 57 1105 53
1107 #EP #BD 300 7 1106
1108 #EP #BD 34 119 1107
1109 #EA 40 15
1110 #EL #BD 57 1105 1109
1111 #EL #BD 300 7 1110
1112 #EL #BD 34 119 1111
#DEF 298 1108 1112 56
1113 #EC 298 2
1114 #EA 1113 298
1115 #EA 1114 40
1116 #EC 296 
1117 #EL #BD 301 7 1116
1118 #EA 1115 1117
1119 #EL #BD 299 7 1118
#DEF 297 8 1119 
302 #NS 0 Original_LF__DOT__Poly_LF_Poly_Exercises_zero
303 #NI 51 1907
304 #NI 51 1909
1120 #EL #BD 48 15 40
1121 #EL #BD 304 1051 1120
1122 #EL #BD 303 4 1121
#DEF 302 1062 1122 
305 #NS 0 n4
#DEF 305 7 1103 
306 #NS 0 n2
#DEF 306 7 1101 
307 #NS 0 n9
1123 #EA 11 1104
1124 #EA 11 1123
1125 #EA 11 1124
1126 #EA 11 1125
#DEF 307 7 1126 
308 #NS 0 n3
#DEF 308 7 1102 
309 #NS 0 n1
#DEF 309 7 1083 
310 #NS 0 Original_LF__DOT__Poly_LF_Poly_Exercises_plus
311 #NI 17 1388
312 #NI 17 1390
1127 #EP #BD 312 1062 1062
1128 #EP #BD 311 1062 1127
#AX 310 1128 
313 #NS 0 Original_LF__DOT__Poly_LF_Poly_Exercises_mult
#AX 313 1128 
314 #NS 0 Original_LF__DOT__IndPrinciples_LF_IndPrinciples_add__comm''
1129 #EC 169 1
1130 #EA 1129 7
1131 #EA 264 40
1132 #EA 1130 1131
1133 #EA 263 40
1134 #EA 1133 15
1135 #EA 1132 1134
1136 #EP #BD 58 7 1135
1137 #EP #BD 60 7 1136
#AX 314 1137 
315 #NS 0 Original_LF__DOT__Logic_LF_Logic_and__example3
316 #NI 17 1943
1138 #EA 1132 10
1139 #EA 307 19
1140 #EA 1139 15
1141 #EA 1130 1140
1142 #EA 1141 10
1143 #EP #BD 316 1138 1142
1144 #EP #BD 58 7 1143
1145 #EP #BD 60 7 1144
#AX 315 1145 
317 #NS 0 Original_LF__DOT__Logic_LF_Logic_exists__example__2
318 #NI 17 1985
1146 #EA 611 7
1147 #EA 1130 15
1148 #EC 305 
1149 #EA 263 1148
1150 #EA 1149 40
1151 #EA 1147 1150
1152 #EL #BD 58 7 1151
1153 #EA 1146 1152
319 #NS 0 o
1154 #EA 1130 19
1155 #EC 306 
1156 #EA 263 1155
1157 #EA 1156 40
1158 #EA 1154 1157
1159 #EL #BD 319 7 1158
1160 #EA 1146 1159
1161 #EP #BD 318 1153 1160
1162 #EP #BD 60 7 1161
#AX 317 1162 
320 #NS 0 Original_LF__DOT__Poly_LF_Poly_Exercises_mult__2
1163 #EA 1129 1060
1164 #EC 313 
321 #NS 0 Y
322 #NS 0 g
323 #NS 0 y
1165 #EC 302 
1166 #EA 1165 19
324 #NS 0 z
1167 #EL #BD 324 19 218
1168 #EA 1166 1167
1169 #EA 1168 40
1170 #EL #BD 323 15 1169
1171 #EL #BD 322 1051 1170
1172 #EL #BD 321 4 1171
1173 #EA 1164 1172
1174 #EC 310 
325 #NS 0 Z
1175 #EC 287 
1176 #EA 1175 19
1177 #EA 1176 1167
1178 #EA 1177 40
1179 #EL #BD 324 15 1178
1180 #EL #BD 181 1051 1179
1181 #EL #BD 325 4 1180
1182 #EA 1174 1181
1183 #EA 1182 1181
1184 #EA 1183 19
1185 #EA 1184 1167
1186 #EA 1185 40
1187 #EL #BD 323 15 1186
1188 #EL #BD 322 1051 1187
1189 #EL #BD 321 4 1188
1190 #EA 1173 1189
1191 #EA 1190 19
1192 #EA 1191 1167
1193 #EA 1192 40
1194 #EL #BD 48 15 1193
1195 #EL #BD 44 1051 1194
1196 #EL #BD 279 4 1195
1197 #EA 1163 1196
1198 #EA 1197 1172
#AX 320 1198 
326 #NS 0 Original_LF__DOT__Poly_LF_Poly_Exercises_mult__3
1199 #EC 285 
1200 #EA 1199 19
1201 #EA 1200 1167
1202 #EA 1201 40
1203 #EL #BD 323 15 1202
1204 #EL #BD 322 1051 1203
1205 #EL #BD 321 4 1204
1206 #EA 1164 1205
1207 #EA 1206 1181
1208 #EA 1207 19
1209 #EA 1208 1167
1210 #EA 1209 40
1211 #EL #BD 48 15 1210
1212 #EL #BD 44 1051 1211
1213 #EL #BD 279 4 1212
1214 #EA 1163 1213
1215 #EA 1214 1189
#AX 326 1215 
327 #NS 0 Original_LF__DOT__Poly_LF_Poly_Exercises_plus__1
1216 #EA 1174 1172
1217 #EC 283 
1218 #EA 1217 19
1219 #EA 1218 1167
1220 #EA 1219 40
1221 #EL #BD 323 15 1220
1222 #EL #BD 322 1051 1221
1223 #EL #BD 321 4 1222
1224 #EA 1216 1223
1225 #EA 1224 19
1226 #EA 1225 1167
1227 #EA 1226 40
1228 #EL #BD 48 15 1227
1229 #EL #BD 44 1051 1228
1230 #EL #BD 279 4 1229
1231 #EA 1163 1230
1232 #EA 1231 1223
#AX 327 1232 
328 #NS 0 Original_LF__DOT__Poly_LF_Poly_Exercises_plus__2
1233 #EA 1174 1205
1234 #EA 1233 1181
1235 #EA 1234 19
1236 #EA 1235 1167
1237 #EA 1236 40
1238 #EL #BD 48 15 1237
1239 #EL #BD 44 1051 1238
1240 #EL #BD 279 4 1239
1241 #EA 1163 1240
1242 #EA 1182 1205
1243 #EA 1242 19
1244 #EA 1243 1167
1245 #EA 1244 40
1246 #EL #BD 48 15 1245
1247 #EL #BD 44 1051 1246
1248 #EL #BD 279 4 1247
1249 #EA 1241 1248
#AX 328 1249 
329 #NS 0 Original_LF__DOT__Poly_LF_Poly_Exercises_plus__3
1250 #EA 1233 1205
1251 #EA 1250 19
1252 #EA 1251 1167
1253 #EA 1252 40
1254 #EL #BD 323 15 1253
1255 #EL #BD 322 1051 1254
1256 #EL #BD 321 4 1255
1257 #EA 1174 1256
1258 #EA 1257 1181
1259 #EA 1258 19
1260 #EA 1259 1167
1261 #EA 1260 40
1262 #EL #BD 48 15 1261
1263 #EL #BD 44 1051 1262
1264 #EL #BD 279 4 1263
1265 #EA 1163 1264
1266 #EA 1174 1223
1267 #EA 1266 1189
1268 #EA 1267 19
1269 #EA 1268 1167
1270 #EA 1269 40
1271 #EL #BD 48 15 1270
1272 #EL #BD 44 1051 1271
1273 #EL #BD 279 4 1272
1274 #EA 1265 1273
#AX 329 1274 
330 #NS 0 Original_LF__DOT__Poly_LF_Poly_test__doit3times
1275 #EC 278 
1276 #EA 1275 7
1277 #EC 288 
1278 #EA 1276 1277
1279 #EC 307 
1280 #EA 1278 1279
1281 #EA 1130 1280
1282 #EC 308 
1283 #EA 1281 1282
#AX 330 1283 
331 #NS 0 Original_LF__DOT__Tactics_LF_Tactics_silly__fact__2
1284 #EC 297 
1285 #EA 1284 40
1286 #EA 263 1285
1287 #EC 309 
1288 #EA 1286 1287
1289 #EA 1130 1288
1290 #EA 1133 1287
1291 #EA 1284 1290
1292 #EA 263 1291
1293 #EA 1292 1287
1294 #EA 1289 1293
1295 #EP #BD 58 7 1294
#AX 331 1295 
332 #NS 0 Original_LF__DOT__Tactics_LF_Tactics_silly__fact__2'
#AX 332 1295 
