1 #NS 0 MyTrue
2 #NS 1 intro
0 #EC 1 
1 #ES 0
#IND 0 1 1 1 2 0 
3 #NS 0 MyFalse
#IND 0 3 1 0  
4 #NS 0 mybool
5 #NS 4 mytrue
2 #EC 4 
6 #NS 4 myfalse
1 #US 0
3 #ES 1
#IND 0 4 3 2 5 2 6 2 
7 #NS 0 Ascii_ascii
8 #NS 7 Ascii
9 #NS 0 a
10 #NS 9 _@
11 #NS 10 Solution
12 #NS 11 _hyg
13 #NI 12 21
14 #NI 12 23
15 #NI 12 25
16 #NI 12 27
17 #NI 12 29
18 #NI 12 31
19 #NI 12 33
20 #NI 12 35
4 #EC 7 
5 #EP #BD 20 2 4
6 #EP #BD 19 2 5
7 #EP #BD 18 2 6
8 #EP #BD 17 2 7
9 #EP #BD 16 2 8
10 #EP #BD 15 2 9
11 #EP #BD 14 2 10
12 #EP #BD 13 2 11
#IND 0 7 3 1 8 12 
21 #NS 0 String_string
22 #NS 21 EmptyString
13 #EC 21 
23 #NS 21 String
24 #NI 12 99
25 #NI 12 101
14 #EP #BD 25 13 13
15 #EP #BD 24 4 14
#IND 0 21 3 2 22 13 23 15 
26 #NS 0 mylist
27 #NS 26 mynil
28 #NS 0 X
16 #EC 26 
17 #EV 0
18 #EA 16 17
19 #EP #BI 28 3 18
29 #NS 26 mycons
30 #NI 12 125
31 #NI 12 127
20 #EV 1
21 #EA 16 20
22 #EV 2
23 #EA 16 22
24 #EP #BD 31 21 23
25 #EP #BD 30 17 24
26 #EP #BI 28 3 25
27 #EP #BD 28 3 3
#IND 1 26 27 2 27 19 29 26 
32 #NS 0 mylist_In
33 #NS 32 In_head
34 #NS 0 A
35 #NS 0 l
28 #EC 32 
29 #EA 28 22
30 #EA 29 20
31 #EC 29 
32 #EA 31 22
33 #EA 32 20
34 #EA 33 17
35 #EA 30 34
36 #EP #BD 35 21 35
37 #EP #BD 9 17 36
38 #EP #BI 34 3 37
36 #NS 32 In_tail
37 #NS 0 b
38 #NI 12 178
39 #EV 3
40 #EA 28 39
41 #EA 40 22
42 #EA 41 17
43 #EV 4
44 #EA 28 43
45 #EA 44 39
46 #EA 31 43
47 #EA 46 22
48 #EA 47 20
49 #EA 45 48
50 #EP #BD 38 42 49
51 #EP #BD 35 23 50
52 #EP #BD 37 20 51
53 #EP #BD 9 17 52
54 #EP #BI 34 3 53
39 #NI 12 154
40 #NI 12 156
55 #EP #BD 40 21 1
56 #EP #BD 39 17 55
57 #EP #BI 34 3 56
#IND 2 32 57 2 33 38 36 54 
41 #NS 0 Corelib_Init_Logic_eq
42 #NS 41 refl
43 #NS 0 u
2 #UP 43
58 #ES 2
59 #EC 41 2
60 #EA 59 20
61 #EA 60 17
62 #EA 61 17
63 #EP #BD 9 17 62
64 #EP #BI 34 58 63
44 #NI 12 199
45 #NI 12 201
65 #EP #BD 45 20 1
66 #EP #BD 44 17 65
67 #EP #BI 34 58 66
#IND 2 41 67 1 42 64 43
46 #NS 0 Corelib_Init_Logic_eq_Prop
47 #NS 46 refl
68 #EC 46 
69 #EA 68 20
70 #EA 69 17
71 #EA 70 17
72 #EP #BD 9 17 71
73 #EP #BI 34 1 72
74 #EP #BI 34 1 66
#IND 2 46 74 1 47 73 
48 #NS 0 nat
49 #NS 48 O
75 #EC 48 
50 #NS 48 S
51 #NI 12 224
76 #EP #BD 51 75 75
#IND 0 48 3 2 49 75 50 76 
52 #NS 0 S_export
77 #EC 50 
#DEF 52 76 77 
53 #NS 0 _0
78 #EC 49 
#DEF 53 75 78 
54 #NS 0 Original_LF__DOT__Basics_LF_Basics_bool
55 #NS 54 true
79 #EC 54 
56 #NS 54 false
#IND 0 54 3 2 55 79 56 79 
57 #NS 0 Original_LF__DOT__Basics_LF_Basics_true
80 #EC 55 
#DEF 57 79 80 
58 #NS 0 Original_LF__DOT__Basics_LF_Basics_false
81 #EC 56 
#DEF 58 79 81 
59 #NS 0 Coqbool
60 #NS 59 true
82 #EC 59 
61 #NS 59 false
#IND 0 59 3 2 60 82 61 82 
62 #NS 0 Coqbool_true
83 #EC 60 
#DEF 62 82 83 
63 #NS 0 Coqbool_false
84 #EC 61 
#DEF 63 82 84 
64 #NS 0 Coqascii
65 #NS 64 Ascii
66 #NI 12 286
67 #NI 12 288
68 #NI 12 290
69 #NI 12 292
70 #NI 12 294
71 #NI 12 296
72 #NI 12 298
73 #NI 12 300
85 #EC 64 
86 #EP #BD 73 82 85
87 #EP #BD 72 82 86
88 #EP #BD 71 82 87
89 #EP #BD 70 82 88
90 #EP #BD 69 82 89
91 #EP #BD 68 82 90
92 #EP #BD 67 82 91
93 #EP #BD 66 82 92
#IND 0 64 3 1 65 93 
74 #NS 0 Coqstring
75 #NS 74 EmptyString
94 #EC 74 
76 #NS 74 String
77 #NI 12 364
78 #NI 12 366
95 #EP #BD 78 94 94
96 #EP #BD 77 85 95
#IND 0 74 3 2 75 94 76 96 
79 #NS 0 PUnit
80 #NS 79 unit
97 #EC 79 2
#IND 0 79 58 1 80 97 43
81 #NS 0 Unit
98 #EC 79 1
#DEF 81 3 98 
82 #NS 59 casesOn
83 #NS 0 motive
84 #NS 0 t
99 #EP #BD 84 82 58
85 #NS 0 true
100 #EA 20 83
86 #NS 0 false
101 #EA 22 84
102 #EA 39 22
103 #EP #BD 86 101 102
104 #EP #BD 85 100 103
105 #EP #BD 84 82 104
106 #EP #BI 83 99 105
87 #NS 59 rec
107 #EC 87 2
108 #EA 107 39
109 #EA 108 20
110 #EA 109 17
111 #EA 110 22
112 #EL #BD 86 101 111
113 #EL #BD 85 100 112
114 #EL #BD 84 82 113
115 #EL #BI 83 99 114
#DEF 82 106 115 43
88 #NS 81 unit
116 #EC 81 
117 #EC 80 1
#DEF 88 116 117 
89 #NS 0 Coqbool_beq
90 #NS 89 match_1
91 #NS 0 b1
92 #NS 91 _@
93 #NS 92 Solution
94 #NS 93 _hyg
95 #NI 94 393
96 #NS 0 b2
97 #NS 96 _@
98 #NS 97 Solution
99 #NS 98 _hyg
100 #NI 99 395
101 #NS 0 u_1
3 #UP 101
118 #ES 3
119 #EP #BD 100 82 118
120 #EP #BD 95 82 119
102 #NS 0 h_1
121 #EA 39 83
122 #EA 121 83
123 #EP #BD 0 116 122
103 #NS 0 h_2
124 #EA 43 84
125 #EA 124 84
126 #EP #BD 0 116 125
104 #NS 0 h_3
105 #NS 0 x
106 #NS 105 _@
107 #NS 106 Solution
108 #NS 107 _hyg
109 #NI 108 413
110 #NI 108 412
127 #EV 6
128 #EA 127 20
129 #EA 128 17
130 #EP #BD 110 82 129
131 #EP #BD 109 82 130
132 #EV 5
133 #EA 132 43
134 #EA 133 39
135 #EP #BD 104 131 134
136 #EP #BD 103 126 135
137 #EP #BD 102 123 136
138 #EP #BD 100 82 137
139 #EP #BD 95 82 138
140 #EP #BD 83 120 139
141 #EC 82 3
142 #EA 127 17
143 #EA 142 43
144 #EL #BD 105 82 143
145 #EA 141 144
146 #EA 145 43
147 #EA 127 83
148 #EA 147 17
149 #EL #BD 105 82 148
150 #EA 141 149
151 #EA 150 39
152 #EC 88 
153 #EA 22 152
154 #EA 151 153
155 #EA 17 83
156 #EA 155 84
157 #EA 154 156
158 #EA 146 157
159 #EA 127 84
160 #EA 159 17
161 #EL #BD 105 82 160
162 #EA 141 161
163 #EA 162 39
164 #EA 17 84
165 #EA 164 83
166 #EA 163 165
167 #EA 20 152
168 #EA 166 167
169 #EA 158 168
170 #EL #BD 104 131 169
171 #EL #BD 103 126 170
172 #EL #BD 102 123 171
173 #EL #BD 100 82 172
174 #EL #BD 95 82 173
175 #EL #BD 83 120 174
#DEF 90 140 175 101
176 #EP #BD 96 82 82
177 #EP #BD 91 82 176
178 #EC 90 1
179 #EL #BD 100 82 82
180 #EL #BD 95 82 179
181 #EA 178 180
182 #EA 181 20
183 #EA 182 17
111 #NS 0 _
184 #EL #BD 111 116 83
185 #EA 183 184
186 #EA 185 184
187 #EL #BD 110 82 84
188 #EL #BD 109 82 187
189 #EA 186 188
190 #EL #BD 96 82 189
191 #EL #BD 91 82 190
#DEF 89 177 191 
112 #NS 64 casesOn
192 #EP #BD 84 85 58
113 #NS 0 Ascii
193 #EV 9
194 #EC 65 
195 #EV 7
196 #EA 194 195
197 #EA 196 127
198 #EA 197 132
199 #EA 198 43
200 #EA 199 39
201 #EA 200 22
202 #EA 201 20
203 #EA 202 17
204 #EA 193 203
205 #EP #BD 73 82 204
206 #EP #BD 72 82 205
207 #EP #BD 71 82 206
208 #EP #BD 70 82 207
209 #EP #BD 69 82 208
210 #EP #BD 68 82 209
211 #EP #BD 67 82 210
212 #EP #BD 66 82 211
213 #EA 22 20
214 #EP #BD 113 212 213
215 #EP #BD 84 85 214
216 #EP #BI 83 192 215
114 #NS 64 rec
217 #EC 114 2
218 #EA 217 22
219 #EV 8
220 #EA 219 195
221 #EA 220 127
222 #EA 221 132
223 #EA 222 43
224 #EA 223 39
225 #EA 224 22
226 #EA 225 20
227 #EA 226 17
228 #EL #BD 73 82 227
229 #EL #BD 72 82 228
230 #EL #BD 71 82 229
231 #EL #BD 70 82 230
232 #EL #BD 69 82 231
233 #EL #BD 68 82 232
234 #EL #BD 67 82 233
235 #EL #BD 66 82 234
236 #EA 218 235
237 #EA 236 20
238 #EL #BD 113 212 237
239 #EL #BD 84 85 238
240 #EL #BI 83 192 239
#DEF 112 216 240 43
115 #NS 0 Coqascii_eqb
116 #NS 115 match_2
117 #NS 0 a1
118 #NS 117 _@
119 #NS 118 Solution
120 #NS 119 _hyg
121 #NI 120 424
122 #NS 0 a2
123 #NS 122 _@
124 #NS 123 Solution
125 #NS 124 _hyg
126 #NI 125 426
241 #EP #BD 126 85 118
242 #EP #BD 121 85 241
127 #NS 0 b3
128 #NS 0 b4
129 #NS 0 b5
130 #NS 0 b6
131 #NS 0 b7
132 #NS 0 b8
133 #NS 0 c1
134 #NS 0 c2
135 #NS 0 c3
136 #NS 0 c4
137 #NS 0 c5
138 #NS 0 c6
139 #NS 0 c7
140 #NS 0 c8
243 #EV 18
244 #EV 15
245 #EA 194 244
246 #EV 14
247 #EA 245 246
248 #EV 13
249 #EA 247 248
250 #EV 12
251 #EA 249 250
252 #EV 11
253 #EA 251 252
254 #EV 10
255 #EA 253 254
256 #EA 255 193
257 #EA 256 219
258 #EA 243 257
259 #EA 258 203
260 #EP #BD 140 82 259
261 #EP #BD 139 82 260
262 #EP #BD 138 82 261
263 #EP #BD 137 82 262
264 #EP #BD 136 82 263
265 #EP #BD 135 82 264
266 #EP #BD 134 82 265
267 #EP #BD 133 82 266
268 #EP #BD 132 82 267
269 #EP #BD 131 82 268
270 #EP #BD 130 82 269
271 #EP #BD 129 82 270
272 #EP #BD 128 82 271
273 #EP #BD 127 82 272
274 #EP #BD 96 82 273
275 #EP #BD 91 82 274
276 #EA 102 20
277 #EP #BD 102 275 276
278 #EP #BD 126 85 277
279 #EP #BD 121 85 278
280 #EP #BD 83 242 279
281 #EC 112 3
282 #EA 43 17
283 #EA 282 22
284 #EL #BD 105 85 283
285 #EA 281 284
286 #EA 285 22
141 #NI 66 571
142 #NI 67 572
143 #NI 68 573
144 #NI 69 574
145 #NI 70 575
146 #NI 71 576
147 #NI 72 577
148 #NI 73 578
287 #EA 194 219
288 #EA 287 195
289 #EA 288 127
290 #EA 289 132
291 #EA 290 43
292 #EA 291 39
293 #EA 292 22
294 #EA 293 20
295 #EA 250 294
296 #EA 295 17
297 #EL #BD 105 85 296
298 #EA 281 297
299 #EA 298 193
149 #NI 66 579
150 #NI 67 580
151 #NI 68 581
152 #NI 69 582
153 #NI 70 583
154 #NI 71 584
155 #NI 72 585
156 #NI 73 586
300 #EV 16
301 #EA 300 244
302 #EA 301 246
303 #EA 302 248
304 #EA 303 250
305 #EA 304 252
306 #EA 305 254
307 #EA 306 193
308 #EA 307 219
309 #EA 308 195
310 #EA 309 127
311 #EA 310 132
312 #EA 311 43
313 #EA 312 39
314 #EA 313 22
315 #EA 314 20
316 #EA 315 17
317 #EL #BD 156 82 316
318 #EL #BD 155 82 317
319 #EL #BD 154 82 318
320 #EL #BD 153 82 319
321 #EL #BD 152 82 320
322 #EL #BD 151 82 321
323 #EL #BD 150 82 322
324 #EL #BD 149 82 323
325 #EA 299 324
326 #EL #BD 148 82 325
327 #EL #BD 147 82 326
328 #EL #BD 146 82 327
329 #EL #BD 145 82 328
330 #EL #BD 144 82 329
331 #EL #BD 143 82 330
332 #EL #BD 142 82 331
333 #EL #BD 141 82 332
334 #EA 286 333
335 #EL #BD 102 275 334
336 #EL #BD 126 85 335
337 #EL #BD 121 85 336
338 #EL #BD 83 242 337
#DEF 116 280 338 101
157 #NS 115 match_1
158 #NI 108 562
339 #EP #BD 0 116 101
340 #EP #BD 0 116 121
341 #EP #BD 103 340 102
342 #EP #BD 102 339 341
343 #EP #BD 158 82 342
344 #EP #BD 83 119 343
345 #EL #BD 105 82 282
346 #EA 141 345
347 #EA 346 22
348 #EA 17 152
349 #EA 347 348
350 #EA 349 167
351 #EL #BD 103 340 350
352 #EL #BD 102 339 351
353 #EL #BD 158 82 352
354 #EL #BD 83 119 353
#DEF 157 344 354 101
355 #EP #BD 122 85 82
356 #EP #BD 117 85 355
357 #EC 116 1
358 #EL #BD 126 85 82
359 #EL #BD 121 85 358
360 #EA 357 359
361 #EA 360 20
362 #EA 361 17
363 #EC 157 1
364 #EA 363 179
365 #EC 89 
366 #EA 365 244
367 #EA 366 195
368 #EA 364 367
369 #EL #BD 111 116 84
370 #EA 368 369
371 #EL #BD 111 116 367
372 #EA 370 371
373 #EL #BD 111 116 372
374 #EA 370 373
375 #EL #BD 111 116 374
376 #EA 370 375
377 #EL #BD 111 116 376
378 #EA 370 377
379 #EL #BD 111 116 378
380 #EA 370 379
381 #EL #BD 111 116 380
382 #EA 370 381
383 #EL #BD 111 116 382
384 #EA 370 383
385 #EL #BD 140 82 384
386 #EL #BD 139 82 385
387 #EL #BD 138 82 386
388 #EL #BD 137 82 387
389 #EL #BD 136 82 388
390 #EL #BD 135 82 389
391 #EL #BD 134 82 390
392 #EL #BD 133 82 391
393 #EL #BD 132 82 392
394 #EL #BD 131 82 393
395 #EL #BD 130 82 394
396 #EL #BD 129 82 395
397 #EL #BD 128 82 396
398 #EL #BD 127 82 397
399 #EL #BD 96 82 398
400 #EL #BD 91 82 399
401 #EA 362 400
402 #EL #BD 122 85 401
403 #EL #BD 117 85 402
#DEF 115 356 403 
159 #NS 0 PProd
160 #NS 159 mk
161 #NS 0 α
162 #NS 0 β
163 #NS 0 v
4 #UP 163
404 #ES 4
164 #NS 0 fst
165 #NS 0 snd
405 #EC 159 2 4
406 #EA 405 39
407 #EA 406 22
408 #EP #BD 165 20 407
409 #EP #BD 164 20 408
410 #EP #BI 162 404 409
411 #EP #BI 161 58 410
5 #UM 1 2
6 #UM 5 4
412 #ES 6
413 #EP #BD 162 404 412
414 #EP #BD 161 58 413
#IND 2 159 414 1 160 411 43 163
166 #NS 74 below
415 #EP #BD 84 94 58
416 #ES 5
417 #EP #BD 84 94 416
418 #EP #BI 83 415 417
167 #NS 74 rec
7 #US 5
419 #EC 167 7
420 #EL #BD 84 94 416
421 #EA 419 420
422 #EC 79 5
423 #EA 421 422
168 #NS 0 a_ih
169 #NS 168 _@
170 #NS 169 Solution
171 #NS 170 _hyg
172 #NI 171 366
424 #EC 159 2 5
425 #EA 43 20
426 #EA 424 425
427 #EA 426 17
428 #EL #BD 172 416 427
429 #EL #BD 78 94 428
430 #EL #BD 77 85 429
431 #EA 423 430
432 #EA 431 17
433 #EL #BD 84 94 432
434 #EL #BI 83 415 433
#DEF 166 418 434 43
173 #NS 74 brecOn
174 #NS 0 F_1
175 #NS 0 f
435 #EC 166 2
436 #EA 435 22
437 #EA 436 17
438 #EA 39 20
439 #EP #BD 175 437 438
440 #EP #BD 84 94 439
441 #EP #BD 174 440 213
442 #EP #BD 84 94 441
443 #EP #BI 83 415 442
444 #EC 167 5
445 #EA 39 17
446 #EA 424 445
447 #EA 435 39
448 #EA 447 17
449 #EA 446 448
450 #EL #BD 84 94 449
451 #EA 444 450
452 #EC 160 2 5
453 #EC 75 
454 #EA 22 453
455 #EA 452 454
456 #EA 455 422
457 #EA 17 453
458 #EC 80 5
459 #EA 457 458
460 #EA 456 459
461 #EA 460 458
462 #EA 451 461
463 #EA 424 282
464 #EA 435 43
465 #EA 464 17
466 #EA 463 465
467 #EC 76 
468 #EA 467 22
469 #EA 468 20
470 #EA 132 469
471 #EA 452 470
472 #EA 132 20
473 #EA 424 472
474 #EA 435 132
475 #EA 474 20
476 #EA 473 475
477 #EA 471 476
478 #EA 39 469
479 #EA 478 17
480 #EA 477 479
481 #EA 480 17
482 #EL #BD 172 466 481
483 #EL #BD 78 94 482
484 #EL #BD 77 85 483
485 #EA 462 484
486 #EA 485 20
487 #EJ 159 0 486
488 #EL #BD 174 440 487
489 #EL #BD 84 94 488
490 #EL #BI 83 415 489
#DEF 173 443 490 43
176 #NS 74 casesOn
177 #NS 0 EmptyString
491 #EA 20 453
178 #NS 0 String
492 #EA 467 20
493 #EA 492 17
494 #EA 43 493
495 #EP #BD 78 94 494
496 #EP #BD 77 85 495
497 #EP #BD 178 496 102
498 #EP #BD 177 491 497
499 #EP #BD 84 94 498
500 #EP #BI 83 415 499
501 #EC 167 2
502 #EA 501 39
503 #EA 502 20
504 #EA 132 17
505 #EL #BD 172 504 276
506 #EL #BD 78 94 505
507 #EL #BD 77 85 506
508 #EA 503 507
509 #EA 508 22
510 #EL #BD 178 496 509
511 #EL #BD 177 491 510
512 #EL #BD 84 94 511
513 #EL #BI 83 415 512
#DEF 176 500 513 43
179 #NS 0 Coqstring_eqb
180 #NS 179 match_1
181 #NI 108 594
182 #NI 181 613
183 #NI 108 595
184 #NI 183 616
514 #EP #BD 184 94 118
515 #EP #BD 182 94 514
516 #EA 39 453
517 #EA 516 453
518 #EP #BD 0 116 517
185 #NI 77 634
186 #NI 78 635
519 #EA 132 453
520 #EA 519 493
521 #EP #BD 186 94 520
522 #EP #BD 185 85 521
187 #NI 77 649
188 #NI 78 650
523 #EA 127 493
524 #EA 523 453
525 #EP #BD 188 94 524
526 #EP #BD 187 85 525
189 #NS 0 h_4
190 #NS 0 s1
191 #NS 0 s2
527 #EA 467 39
528 #EA 527 22
529 #EA 193 528
530 #EA 529 493
531 #EP #BD 191 94 530
532 #EP #BD 134 85 531
533 #EP #BD 190 94 532
534 #EP #BD 133 85 533
535 #EA 127 132
536 #EA 535 43
537 #EP #BD 189 534 536
538 #EP #BD 104 526 537
539 #EP #BD 103 522 538
540 #EP #BD 102 518 539
541 #EP #BD 184 94 540
542 #EP #BD 182 94 541
543 #EP #BD 83 515 542
544 #EC 176 3
545 #EA 195 17
546 #EA 545 132
547 #EL #BD 105 94 546
548 #EA 544 547
549 #EA 548 132
550 #EA 195 453
551 #EA 550 17
552 #EL #BD 105 94 551
553 #EA 544 552
554 #EA 553 43
555 #EA 39 152
556 #EA 554 555
192 #NI 77 688
193 #NI 78 689
557 #EA 425 17
558 #EL #BD 193 94 557
559 #EL #BD 192 85 558
560 #EA 556 559
561 #EA 549 560
194 #NI 77 686
195 #NI 78 687
562 #EA 193 469
563 #EA 562 17
564 #EL #BD 105 94 563
565 #EA 544 564
566 #EA 565 127
567 #EA 438 17
568 #EA 566 567
196 #NI 77 690
197 #NI 78 691
569 #EA 43 39
570 #EA 569 22
571 #EA 570 20
572 #EA 571 17
573 #EL #BD 197 94 572
574 #EL #BD 196 85 573
575 #EA 568 574
576 #EL #BD 195 94 575
577 #EL #BD 194 85 576
578 #EA 561 577
579 #EL #BD 189 534 578
580 #EL #BD 104 526 579
581 #EL #BD 103 522 580
582 #EL #BD 102 518 581
583 #EL #BD 184 94 582
584 #EL #BD 182 94 583
585 #EL #BD 83 515 584
#DEF 180 543 585 101
198 #NI 12 589
199 #NI 12 591
586 #EP #BD 199 94 82
587 #EP #BD 198 94 586
588 #EC 173 1
589 #EL #BD 181 94 586
590 #EA 588 589
591 #EA 590 20
592 #EC 166 1
593 #EA 592 589
594 #EA 593 17
595 #EC 180 1
200 #NI 108 692
596 #EA 593 20
597 #EP #BD 200 596 82
598 #EL #BD 184 94 597
599 #EL #BD 182 94 598
600 #EA 595 599
601 #EA 600 22
602 #EA 601 17
603 #EA 593 453
604 #EL #BD 200 603 83
605 #EL #BD 0 116 604
606 #EA 602 605
607 #EL #BD 200 603 84
608 #EL #BD 186 94 607
609 #EL #BD 185 85 608
610 #EA 606 609
611 #EA 593 493
612 #EL #BD 200 611 84
613 #EL #BD 188 94 612
614 #EL #BD 187 85 613
615 #EA 610 614
616 #EA 593 528
617 #EC 115 
618 #EA 617 43
619 #EA 618 22
620 #EA 364 619
621 #EA 620 369
622 #EJ 159 0 20
623 #EA 622 22
624 #EL #BD 111 116 623
625 #EA 621 624
626 #EL #BD 200 616 625
627 #EL #BD 191 94 626
628 #EL #BD 134 85 627
629 #EL #BD 190 94 628
630 #EL #BD 133 85 629
631 #EA 615 630
632 #EA 631 20
633 #EL #BD 183 94 632
634 #EL #BD 175 594 633
635 #EL #BD 181 94 634
636 #EA 591 635
637 #EA 636 17
638 #EL #BD 183 94 637
639 #EL #BD 181 94 638
#DEF 179 587 639 
201 #NS 48 below
640 #EP #BD 84 75 58
641 #EP #BD 84 75 416
642 #EP #BI 83 640 641
202 #NS 48 rec
643 #EC 202 7
644 #EL #BD 84 75 416
645 #EA 643 644
646 #EA 645 422
203 #NI 171 224
647 #EA 424 438
648 #EA 647 17
649 #EL #BD 203 416 648
650 #EL #BD 51 75 649
651 #EA 646 650
652 #EA 651 17
653 #EL #BD 84 75 652
654 #EL #BI 83 640 653
#DEF 201 642 654 43
204 #NS 48 brecOn
655 #EC 201 2
656 #EA 655 22
657 #EA 656 17
658 #EP #BD 175 657 438
659 #EP #BD 84 75 658
660 #EP #BD 174 659 213
661 #EP #BD 84 75 660
662 #EP #BI 83 640 661
663 #EC 202 5
664 #EA 655 39
665 #EA 664 17
666 #EA 446 665
667 #EL #BD 84 75 666
668 #EA 663 667
669 #EA 22 78
670 #EA 452 669
671 #EA 670 422
672 #EA 17 78
673 #EA 672 458
674 #EA 671 673
675 #EA 674 458
676 #EA 668 675
677 #EA 77 20
678 #EA 43 677
679 #EA 452 678
680 #EA 655 43
681 #EA 680 20
682 #EA 426 681
683 #EA 679 682
684 #EA 22 677
685 #EA 684 17
686 #EA 683 685
687 #EA 686 17
688 #EL #BD 203 666 687
689 #EL #BD 51 75 688
690 #EA 676 689
691 #EA 690 20
692 #EJ 159 0 691
693 #EL #BD 174 659 692
694 #EL #BD 84 75 693
695 #EL #BI 83 640 694
#DEF 204 662 695 43
205 #NS 48 casesOn
206 #NS 0 O
696 #EA 20 78
207 #NS 0 S
697 #EA 77 17
698 #EA 39 697
699 #EP #BD 51 75 698
700 #EP #BD 207 699 102
701 #EP #BD 206 696 700
702 #EP #BD 84 75 701
703 #EP #BI 83 640 702
704 #EC 202 2
705 #EA 704 39
706 #EA 705 20
707 #EL #BD 203 282 213
708 #EL #BD 51 75 707
709 #EA 706 708
710 #EA 709 22
711 #EL #BD 207 699 710
712 #EL #BD 206 696 711
713 #EL #BD 84 75 712
714 #EL #BI 83 640 713
#DEF 205 703 714 43
208 #NS 0 Original_LF__DOT__Basics_LF_Basics_eqb
209 #NS 208 match_1
210 #NI 108 701
211 #NI 210 720
212 #NI 108 702
213 #NI 212 723
715 #EP #BD 213 75 118
716 #EP #BD 211 75 715
717 #EA 39 78
718 #EA 717 78
719 #EP #BD 0 116 718
214 #NI 51 741
720 #EA 43 78
721 #EA 720 697
722 #EP #BD 214 75 721
215 #NI 51 753
723 #EA 132 697
724 #EA 723 78
725 #EP #BD 215 75 724
216 #NS 0 n'
217 #NS 0 m'
726 #EA 195 677
727 #EA 726 697
728 #EP #BD 217 75 727
729 #EP #BD 216 75 728
730 #EP #BD 189 729 536
731 #EP #BD 104 725 730
732 #EP #BD 103 722 731
733 #EP #BD 102 719 732
734 #EP #BD 213 75 733
735 #EP #BD 211 75 734
736 #EP #BD 83 716 735
737 #EC 205 3
738 #EL #BD 105 75 546
739 #EA 737 738
740 #EA 739 132
741 #EA 195 78
742 #EA 741 17
743 #EL #BD 105 75 742
744 #EA 737 743
745 #EA 744 43
746 #EA 745 555
218 #NI 51 771
747 #EL #BD 218 75 445
748 #EA 746 747
749 #EA 740 748
219 #NI 51 770
750 #EA 219 677
751 #EA 750 17
752 #EL #BD 105 75 751
753 #EA 737 752
754 #EA 753 132
755 #EA 22 17
756 #EA 754 755
220 #NI 51 772
757 #EA 213 17
758 #EL #BD 220 75 757
759 #EA 756 758
760 #EL #BD 219 75 759
761 #EA 749 760
762 #EL #BD 189 729 761
763 #EL #BD 104 725 762
764 #EL #BD 103 722 763
765 #EL #BD 102 719 764
766 #EL #BD 213 75 765
767 #EL #BD 211 75 766
768 #EL #BD 83 716 767
#DEF 209 736 768 101
221 #NI 12 696
222 #NI 12 698
769 #EP #BD 222 75 79
770 #EP #BD 221 75 769
771 #EC 204 1
772 #EL #BD 210 75 769
773 #EA 771 772
774 #EA 773 20
775 #EC 201 1
776 #EA 775 772
777 #EA 776 17
778 #EC 209 1
223 #NI 108 773
779 #EA 776 20
780 #EP #BD 223 779 79
781 #EL #BD 213 75 780
782 #EL #BD 211 75 781
783 #EA 778 782
784 #EA 783 22
785 #EA 784 17
786 #EA 776 78
787 #EL #BD 223 786 80
788 #EL #BD 0 116 787
789 #EA 785 788
790 #EL #BD 223 786 81
791 #EL #BD 214 75 790
792 #EA 789 791
793 #EA 776 697
794 #EL #BD 223 793 81
795 #EL #BD 215 75 794
796 #EA 792 795
797 #EA 776 677
798 #EJ 159 0 17
799 #EA 798 20
800 #EL #BD 223 797 799
801 #EL #BD 217 75 800
802 #EL #BD 216 75 801
803 #EA 796 802
804 #EA 803 20
805 #EL #BD 212 75 804
806 #EL #BD 175 777 805
807 #EL #BD 210 75 806
808 #EA 774 807
809 #EA 808 17
810 #EL #BD 212 75 809
811 #EL #BD 210 75 810
#DEF 208 770 811 
224 #NS 0 Original_LF__DOT__Basics_LF_Basics_ltb
225 #NI 108 782
226 #NI 108 783
812 #EL #BD 0 116 790
813 #EA 785 812
814 #EL #BD 214 75 787
815 #EA 813 814
816 #EA 815 795
817 #EA 816 802
818 #EA 817 20
819 #EL #BD 226 75 818
820 #EL #BD 175 777 819
821 #EL #BD 225 75 820
822 #EA 774 821
823 #EA 822 17
824 #EL #BD 226 75 823
825 #EL #BD 225 75 824
#DEF 224 770 825 
227 #NS 0 Original_LF__DOT__Basics_LF_Basics_plus
228 #NS 227 match_1
229 #NI 108 863
230 #NI 229 882
231 #NI 108 864
232 #NI 231 885
233 #NS 0 m
826 #EA 717 17
827 #EP #BD 233 75 826
828 #EA 132 677
829 #EA 828 17
830 #EP #BD 233 75 829
831 #EP #BD 216 75 830
832 #EP #BD 103 831 570
833 #EP #BD 102 827 832
834 #EP #BD 232 75 833
835 #EP #BD 230 75 834
836 #EP #BD 83 716 835
837 #EA 504 39
838 #EL #BD 105 75 837
839 #EA 737 838
840 #EA 839 39
841 #EA 20 22
842 #EA 840 841
234 #NI 51 908
843 #EA 20 17
844 #EA 843 39
845 #EL #BD 234 75 844
846 #EA 842 845
847 #EL #BD 103 831 846
848 #EL #BD 102 827 847
849 #EL #BD 232 75 848
850 #EL #BD 230 75 849
851 #EL #BD 83 716 850
#DEF 228 836 851 101
235 #NI 12 858
852 #EP #BD 235 75 76
853 #EL #BD 229 75 76
854 #EA 771 853
855 #EA 854 20
856 #EA 775 853
857 #EA 856 17
858 #EC 228 1
236 #NI 108 909
859 #EA 856 20
860 #EP #BD 236 859 75
861 #EL #BD 232 75 860
862 #EL #BD 230 75 861
863 #EA 858 862
864 #EA 863 22
865 #EA 864 17
866 #EA 856 78
867 #EL #BD 236 866 20
868 #EL #BD 233 75 867
869 #EA 865 868
870 #EA 856 677
871 #EA 77 799
872 #EL #BD 236 870 871
873 #EL #BD 233 75 872
874 #EL #BD 216 75 873
875 #EA 869 874
876 #EA 875 20
877 #EL #BD 231 75 876
878 #EL #BD 175 857 877
879 #EL #BD 229 75 878
880 #EA 855 879
881 #EA 880 17
882 #EL #BD 231 75 881
883 #EL #BD 229 75 882
#DEF 227 852 883 
237 #NS 0 Original_LF__DOT__Basics_LF_Basics_mult
238 #NI 108 918
239 #NI 108 919
240 #NI 108 967
884 #EL #BD 240 866 78
885 #EL #BD 233 75 884
886 #EA 865 885
887 #EC 227 
888 #EA 887 20
889 #EA 888 799
890 #EL #BD 240 870 889
891 #EL #BD 233 75 890
892 #EL #BD 216 75 891
893 #EA 886 892
894 #EA 893 20
895 #EL #BD 239 75 894
896 #EL #BD 175 857 895
897 #EL #BD 238 75 896
898 #EA 855 897
899 #EA 898 17
900 #EL #BD 239 75 899
901 #EL #BD 238 75 900
#DEF 237 852 901 
241 #NS 0 Original_LF__DOT__Poly_LF_Poly_list
242 #NS 241 nil
902 #EC 241 
903 #EA 902 17
904 #EP #BI 28 3 903
243 #NS 241 cons
244 #NI 12 1056
245 #NI 12 1058
905 #EA 902 20
906 #EA 902 22
907 #EP #BD 245 905 906
908 #EP #BD 244 17 907
909 #EP #BI 28 3 908
#IND 1 241 27 2 242 904 243 909 
246 #NS 0 Original_LF__DOT__Poly_LF_Poly_nil
910 #EC 242 
911 #EA 910 17
912 #EL #BD 28 3 911
#DEF 246 904 912 
247 #NS 0 Original_LF__DOT__Poly_LF_Poly_cons
913 #EC 243 
914 #EA 913 17
915 #EL #BI 28 3 914
#DEF 247 909 915 
248 #NS 241 below
916 #EP #BD 84 903 58
917 #EP #BD 84 905 416
918 #EP #BI 83 916 917
919 #EP #BI 28 3 918
249 #NS 241 rec
920 #EC 249 7
921 #EA 920 22
922 #EL #BD 84 906 416
923 #EA 921 922
924 #EA 923 422
925 #EA 902 39
926 #EL #BD 245 925 428
927 #EL #BD 244 22 926
928 #EA 924 927
929 #EA 928 17
930 #EL #BD 84 905 929
931 #EL #BI 83 916 930
932 #EL #BI 28 3 931
#DEF 248 919 932 43
250 #NS 241 brecOn
933 #EC 248 2
934 #EA 933 39
935 #EA 934 22
936 #EA 935 17
937 #EP #BD 175 936 438
938 #EP #BD 84 906 937
939 #EP #BD 174 938 213
940 #EP #BD 84 905 939
941 #EP #BI 83 916 940
942 #EP #BI 28 3 941
943 #EC 249 5
944 #EA 943 39
945 #EA 933 43
946 #EA 945 39
947 #EA 946 17
948 #EA 446 947
949 #EL #BD 84 925 948
950 #EA 944 949
951 #EA 910 39
952 #EA 22 951
953 #EA 452 952
954 #EA 953 422
955 #EA 17 951
956 #EA 955 458
957 #EA 954 956
958 #EA 957 458
959 #EA 950 958
960 #EA 902 43
251 #NI 171 1058
961 #EA 933 132
962 #EA 961 43
963 #EA 962 17
964 #EA 463 963
965 #EA 913 127
966 #EA 965 22
967 #EA 966 20
968 #EA 132 967
969 #EA 452 968
970 #EA 933 127
971 #EA 970 132
972 #EA 971 20
973 #EA 473 972
974 #EA 969 973
975 #EA 39 967
976 #EA 975 17
977 #EA 974 976
978 #EA 977 17
979 #EL #BD 251 964 978
980 #EL #BD 245 960 979
981 #EL #BD 244 39 980
982 #EA 959 981
983 #EA 982 20
984 #EJ 159 0 983
985 #EL #BD 174 938 984
986 #EL #BD 84 905 985
987 #EL #BI 83 916 986
988 #EL #BI 28 3 987
#DEF 250 942 988 43
252 #NS 241 casesOn
253 #NS 0 nil
989 #EA 910 22
990 #EA 20 989
254 #NS 0 cons
991 #EA 913 132
992 #EA 991 20
993 #EA 992 17
994 #EA 43 993
995 #EP #BD 245 960 994
996 #EP #BD 244 39 995
997 #EP #BD 254 996 102
998 #EP #BD 253 990 997
999 #EP #BD 84 905 998
1000 #EP #BI 83 916 999
1001 #EP #BI 28 3 1000
1002 #EC 249 2
1003 #EA 1002 43
1004 #EA 1003 39
1005 #EA 1004 20
1006 #EA 902 132
1007 #EL #BD 245 1006 505
1008 #EL #BD 244 43 1007
1009 #EA 1005 1008
1010 #EA 1009 22
1011 #EL #BD 254 996 1010
1012 #EL #BD 253 990 1011
1013 #EL #BD 84 905 1012
1014 #EL #BI 83 916 1013
1015 #EL #BI 28 3 1014
#DEF 252 1001 1015 43
255 #NS 0 Original_LF__DOT__Poly_LF_Poly_length
256 #NS 255 match_1
257 #NI 108 1110
258 #NI 257 1121
1016 #EP #BD 258 903 118
1017 #EP #BD 0 116 952
1018 #EP #BD 102 1017 997
1019 #EP #BD 258 905 1018
1020 #EP #BD 83 1016 1019
1021 #EP #BI 28 3 1020
1022 #EC 252 3
1023 #EA 1022 43
1024 #EL #BD 105 960 282
1025 #EA 1023 1024
1026 #EA 1025 22
1027 #EA 1026 167
259 #NI 244 1142
260 #NI 245 1143
1028 #EL #BD 260 1006 757
1029 #EL #BD 259 43 1028
1030 #EA 1027 1029
1031 #EL #BD 103 996 1030
1032 #EL #BD 102 1017 1031
1033 #EL #BD 258 905 1032
1034 #EL #BD 83 1016 1033
1035 #EL #BI 28 3 1034
#DEF 256 1021 1035 101
261 #NI 12 1106
1036 #EP #BD 261 903 75
1037 #EP #BI 28 3 1036
1038 #EC 250 1
1039 #EA 1038 20
1040 #EL #BD 257 905 75
1041 #EA 1039 1040
1042 #EA 1041 17
1043 #EC 248 1
1044 #EA 1043 22
1045 #EL #BD 257 906 75
1046 #EA 1044 1045
1047 #EA 1046 17
1048 #EC 256 1
1049 #EA 1048 39
262 #NI 108 1144
1050 #EA 1043 43
1051 #EL #BD 257 960 75
1052 #EA 1050 1051
1053 #EA 1052 17
1054 #EP #BD 262 1053 75
1055 #EL #BD 258 925 1054
1056 #EA 1049 1055
1057 #EA 1056 20
1058 #EA 910 43
1059 #EA 1052 1058
1060 #EL #BD 262 1059 78
1061 #EL #BD 0 116 1060
1062 #EA 1057 1061
263 #NI 244 1135
1063 #EA 1043 132
1064 #EL #BD 257 1006 75
1065 #EA 1063 1064
1066 #EA 1065 993
1067 #EA 77 798
1068 #EL #BD 262 1066 1067
1069 #EL #BD 84 960 1068
1070 #EL #BD 263 39 1069
1071 #EA 1062 1070
1072 #EA 1071 17
1073 #EL #BD 175 1047 1072
1074 #EL #BD 257 905 1073
1075 #EA 1042 1074
1076 #EL #BD 257 903 1075
1077 #EL #BI 28 3 1076
#DEF 255 1037 1077 
264 #NS 0 Original_LF__DOT__Poly_LF_Poly_length__is__1
1078 #EP #BD 35 903 79
1079 #EP #BI 28 3 1078
1080 #EC 208 
1081 #EC 255 
1082 #EA 1081 20
1083 #EA 1082 17
1084 #EA 1080 1083
1085 #EA 77 78
1086 #EA 1084 1085
1087 #EL #BD 35 903 1086
1088 #EL #BI 28 3 1087
#DEF 264 1079 1088 
265 #NS 54 casesOn
1089 #EP #BD 84 79 58
1090 #EA 20 80
1091 #EA 22 81
1092 #EP #BD 86 1091 102
1093 #EP #BD 85 1090 1092
1094 #EP #BD 84 79 1093
1095 #EP #BI 83 1089 1094
266 #NS 54 rec
1096 #EC 266 2
1097 #EA 1096 39
1098 #EA 1097 20
1099 #EA 1098 17
1100 #EA 1099 22
1101 #EL #BD 86 1091 1100
1102 #EL #BD 85 1090 1101
1103 #EL #BD 84 79 1102
1104 #EL #BI 83 1089 1103
#DEF 265 1095 1104 43
267 #NS 0 Original_LF__DOT__Poly_LF_Poly_filter
268 #NS 267 match_1
269 #NI 108 1205
1105 #EP #BD 269 79 118
1106 #EA 22 80
1107 #EP #BD 0 116 1106
1108 #EA 39 81
1109 #EP #BD 0 116 1108
1110 #EP #BD 103 1109 102
1111 #EP #BD 102 1107 1110
1112 #EP #BD 269 79 1111
1113 #EP #BD 83 1105 1112
1114 #EC 265 3
1115 #EL #BD 105 79 282
1116 #EA 1114 1115
1117 #EA 1116 22
1118 #EA 1117 167
1119 #EA 1118 348
1120 #EL #BD 103 1109 1119
1121 #EL #BD 102 1107 1120
1122 #EL #BD 269 79 1121
1123 #EL #BD 83 1105 1122
#DEF 268 1113 1123 101
270 #NS 0 test
271 #NI 12 1164
1124 #EP #BD 271 17 79
1125 #EP #BD 270 1124 907
1126 #EP #BI 28 3 1125
272 #NI 108 1172
1127 #EA 1038 22
1128 #EL #BD 272 906 925
1129 #EA 1127 1128
1130 #EA 1129 17
1131 #EA 1043 39
1132 #EL #BD 272 925 960
1133 #EA 1131 1132
1134 #EA 1133 17
1135 #EA 1048 43
273 #NI 272 1183
274 #NI 108 1224
1136 #EA 902 127
1137 #EL #BD 272 1006 1136
1138 #EA 1063 1137
1139 #EA 1138 17
1140 #EP #BD 274 1139 1136
1141 #EL #BD 273 960 1140
1142 #EA 1135 1141
1143 #EA 1142 20
1144 #EA 910 132
1145 #EA 1138 1144
1146 #EA 910 127
1147 #EL #BD 274 1145 1146
1148 #EL #BD 0 116 1147
1149 #EA 1143 1148
1150 #EA 1043 127
1151 #EA 902 195
1152 #EL #BD 272 1136 1151
1153 #EA 1150 1152
1154 #EA 965 20
1155 #EA 1154 17
1156 #EA 1153 1155
1157 #EC 268 1
1158 #EA 902 219
1159 #EL #BD 269 79 1158
1160 #EA 1157 1159
1161 #EA 127 22
1162 #EA 1160 1161
1163 #EA 913 219
1164 #EA 1163 39
1165 #EA 1164 622
1166 #EL #BD 111 116 1165
1167 #EA 1162 1166
1168 #EL #BD 111 116 622
1169 #EA 1167 1168
1170 #EL #BD 274 1156 1169
1171 #EL #BD 84 1006 1170
1172 #EL #BD 263 43 1171
1173 #EA 1149 1172
1174 #EA 1173 17
1175 #EL #BD 175 1134 1174
1176 #EL #BD 272 906 1175
1177 #EA 1130 1176
1178 #EL #BD 272 905 1177
1179 #EL #BD 270 1124 1178
1180 #EL #BI 28 3 1179
#DEF 267 1126 1180 
275 #NS 0 Original_LF__DOT__IndProp_LF_IndProp_Perm3Reminder_Perm3
276 #NS 275 perm3_swap12
277 #NS 0 c
1181 #EC 275 
1182 #EA 1181 39
1183 #EA 913 39
1184 #EA 1183 22
1185 #EA 1183 20
1186 #EA 1183 17
1187 #EA 1186 951
1188 #EA 1185 1187
1189 #EA 1184 1188
1190 #EA 1182 1189
1191 #EA 1184 1187
1192 #EA 1185 1191
1193 #EA 1190 1192
1194 #EP #BD 277 22 1193
1195 #EP #BD 37 20 1194
1196 #EP #BD 9 17 1195
1197 #EP #BI 28 3 1196
278 #NS 275 perm3_swap23
1198 #EA 1185 951
1199 #EA 1186 1198
1200 #EA 1184 1199
1201 #EA 1190 1200
1202 #EP #BD 277 22 1201
1203 #EP #BD 37 20 1202
1204 #EP #BD 9 17 1203
1205 #EP #BI 28 3 1204
279 #NS 275 perm3_trans
280 #NS 0 l1
281 #NS 0 l2
282 #NS 0 l3
283 #NI 12 1593
1206 #EA 1182 22
1207 #EA 1206 20
284 #NI 12 1597
1208 #EA 1181 43
1209 #EA 1208 22
1210 #EA 1209 20
1211 #EA 1181 132
1212 #EA 1211 43
1213 #EA 1212 22
1214 #EP #BD 284 1210 1213
1215 #EP #BD 283 1207 1214
1216 #EP #BD 282 906 1215
1217 #EP #BD 281 905 1216
1218 #EP #BD 280 903 1217
1219 #EP #BI 28 3 1218
285 #NI 12 1520
286 #NI 12 1523
1220 #EP #BD 286 905 1
1221 #EP #BD 285 903 1220
1222 #EP #BI 28 3 1221
#IND 1 275 1222 3 276 1197 278 1205 279 1219 
#DEF 207 76 77 
287 #NS 0 Original_LF__DOT__Logic_LF_Logic_plus__claim
1223 #EC 41 1
1224 #EA 1223 75
1225 #EC 207 
1226 #EC 53 
1227 #EA 1225 1226
1228 #EA 1225 1227
1229 #EA 887 1228
1230 #EA 1229 1228
1231 #EA 1224 1230
1232 #EA 1225 1228
1233 #EA 1225 1232
1234 #EA 1231 1233
#DEF 287 1 1234 
288 #NS 0 Original_LF__DOT__Maps_LF_Maps_total__map
289 #NI 12 1672
1235 #EP #BD 289 94 20
1236 #EL #BD 34 3 1235
#DEF 288 27 1236 
290 #NS 0 Original_LF__DOT__Maps_LF_Maps_t__empty
1237 #EC 288 
1238 #EA 1237 20
1239 #EP #BD 163 17 1238
1240 #EP #BI 34 3 1239
291 #NI 108 1683
1241 #EL #BD 291 94 20
1242 #EL #BD 163 17 1241
1243 #EL #BI 34 3 1242
#DEF 290 1240 1243 
292 #NS 0 Original_LF__DOT__Maps_LF_Maps_example__empty
1244 #EC 290 
1245 #EA 1244 82
1246 #EA 1245 84
#DEF 292 586 1246 
293 #NS 0 Original_LF__DOT__Poly_LF_Poly_Exercises_cnat
8 #US 1
1247 #ES 8
294 #NI 12 1698
295 #NI 12 1701
1248 #EP #BD 295 17 20
296 #NI 12 1704
1249 #EP #BD 296 20 22
1250 #EP #BD 294 1248 1249
1251 #EP #BD 28 3 1250
#DEF 293 1247 1251 
297 #NS 0 Original_LF__DOT__Poly_LF_Poly_doit3times
298 #NS 0 n
1252 #EA 20 843
1253 #EA 20 1252
1254 #EL #BD 298 20 1253
1255 #EL #BD 175 1248 1254
1256 #EL #BD 28 3 1255
#DEF 297 1251 1256 
299 #NS 0 Original_LF__DOT__Poly_LF_Poly_Exercises_zero
1257 #EC 293 
300 #NI 108 1728
301 #NI 108 1730
1258 #EL #BD 105 20 17
1259 #EL #BD 301 1248 1258
1260 #EL #BD 300 3 1259
#DEF 299 1257 1260 
302 #NS 0 Original_LF__DOT__Poly_LF_Poly_Exercises_one
303 #NI 108 1739
1261 #EL #BD 105 20 843
1262 #EL #BD 175 1248 1261
1263 #EL #BD 303 3 1262
#DEF 302 1257 1263 
304 #NS 0 Original_LF__DOT__Poly_LF_Poly_Exercises_three
1264 #EC 297 
#DEF 304 1257 1264 
305 #NS 0 Original_LF__DOT__Poly_LF_Poly_repeat''
306 #NS 305 match_1
307 #NI 108 1773
308 #NI 307 1784
1265 #EP #BD 0 116 669
1266 #EP #BD 102 1265 700
1267 #EP #BD 308 75 1266
1268 #EP #BD 83 715 1267
1269 #EL #BD 105 75 282
1270 #EA 737 1269
1271 #EA 1270 22
1272 #EA 1271 167
309 #NI 51 1803
1273 #EL #BD 309 75 843
1274 #EA 1272 1273
1275 #EL #BD 103 699 1274
1276 #EL #BD 102 1265 1275
1277 #EL #BD 308 75 1276
1278 #EL #BD 83 715 1277
#DEF 306 1268 1278 101
310 #NI 12 1769
1279 #EP #BD 310 75 906
1280 #EP #BD 105 17 1279
1281 #EP #BD 28 3 1280
1282 #EL #BD 307 75 925
1283 #EA 771 1282
1284 #EA 1283 17
1285 #EL #BD 307 75 960
1286 #EA 775 1285
1287 #EA 1286 17
1288 #EC 306 1
311 #NI 108 1804
1289 #EL #BD 307 75 1136
1290 #EA 775 1289
1291 #EA 1290 17
1292 #EP #BD 311 1291 1136
1293 #EL #BD 308 75 1292
1294 #EA 1288 1293
1295 #EA 1294 20
1296 #EA 1290 78
1297 #EL #BD 311 1296 1146
1298 #EL #BD 0 116 1297
1299 #EA 1295 1298
312 #NS 0 count'
1300 #EA 1290 697
1301 #EA 965 132
1302 #EA 1301 798
1303 #EL #BD 311 1300 1302
1304 #EL #BD 312 75 1303
1305 #EA 1299 1304
1306 #EA 1305 17
1307 #EL #BD 175 1287 1306
1308 #EL #BD 307 75 1307
1309 #EA 1284 1308
1310 #EL #BD 307 75 1309
1311 #EL #BD 105 17 1310
1312 #EL #BD 28 3 1311
#DEF 305 1281 1312 
313 #NS 0 Original_LF__DOT__Poly_LF_Poly_fold
314 #NS 313 match_1
315 #NS 0 Y
316 #NI 108 1821
317 #NI 316 1840
318 #NI 108 1822
319 #NI 318 1843
1313 #EP #BD 319 20 118
1314 #EP #BD 317 905 1313
1315 #EA 39 1144
1316 #EA 1315 17
1317 #EP #BD 37 39 1316
320 #NS 0 h
1318 #EA 1163 22
1319 #EA 1318 20
1320 #EA 127 1319
1321 #EA 1320 17
1322 #EP #BD 37 127 1321
1323 #EP #BD 84 1136 1322
1324 #EP #BD 320 132 1323
1325 #EP #BD 103 1324 570
1326 #EP #BD 102 1317 1325
1327 #EP #BD 319 22 1326
1328 #EP #BD 317 906 1327
1329 #EP #BD 83 1314 1328
1330 #EP #BI 315 3 1329
1331 #EP #BI 28 3 1330
1332 #EA 1022 127
1333 #EL #BD 105 1136 837
1334 #EA 1332 1333
1335 #EA 1334 39
1336 #EA 1335 841
321 #NI 244 1871
322 #NI 245 1872
1337 #EA 757 43
1338 #EL #BD 322 1151 1337
1339 #EL #BD 321 127 1338
1340 #EA 1336 1339
1341 #EL #BD 103 1324 1340
1342 #EL #BD 102 1317 1341
1343 #EL #BD 319 22 1342
1344 #EL #BD 317 906 1343
1345 #EL #BD 83 1314 1344
1346 #EL #BI 315 3 1345
1347 #EL #BI 28 3 1346
#DEF 314 1331 1347 101
323 #NI 12 1810
1348 #EP #BD 323 20 1249
324 #NI 12 1815
325 #NI 12 1818
1349 #EP #BD 325 22 39
1350 #EP #BD 324 906 1349
1351 #EP #BD 175 1348 1350
1352 #EP #BI 315 3 1351
1353 #EP #BI 28 3 1352
1354 #EA 1038 43
1355 #EP #BD 318 43 132
1356 #EL #BD 316 960 1355
1357 #EA 1354 1356
1358 #EA 1357 20
1359 #EP #BD 318 132 127
1360 #EL #BD 316 1006 1359
1361 #EA 1063 1360
1362 #EA 1361 17
1363 #EC 314 1
1364 #EA 1363 195
1365 #EA 1364 127
326 #NI 108 1873
1366 #EA 1043 193
1367 #EA 902 193
1368 #EP #BD 318 193 254
1369 #EL #BD 316 1367 1368
1370 #EA 1366 1369
1371 #EA 1370 20
1372 #EP #BD 326 1371 193
1373 #EL #BD 319 195 1372
1374 #EL #BD 317 1151 1373
1375 #EA 1365 1374
1376 #EA 1375 22
1377 #EA 1376 17
1378 #EA 1043 219
1379 #EP #BD 318 219 193
1380 #EL #BD 316 1158 1379
1381 #EA 1378 1380
1382 #EA 910 219
1383 #EA 1381 1382
1384 #EL #BD 326 1383 20
1385 #EL #BD 37 127 1384
1386 #EA 1377 1385
1387 #EA 1043 254
1388 #EA 902 254
1389 #EP #BD 318 254 252
1390 #EL #BD 316 1388 1389
1391 #EA 1387 1390
1392 #EA 913 254
1393 #EA 1392 22
1394 #EA 1393 20
1395 #EA 1391 1394
1396 #EA 193 39
1397 #EA 1396 799
1398 #EL #BD 326 1395 1397
1399 #EL #BD 37 219 1398
1400 #EL #BD 84 1158 1399
1401 #EL #BD 320 195 1400
1402 #EA 1386 1401
1403 #EA 1402 20
1404 #EL #BD 318 132 1403
1405 #EL #BD 175 1362 1404
1406 #EL #BD 316 960 1405
1407 #EA 1358 1406
1408 #EA 1407 17
1409 #EL #BD 318 22 1408
1410 #EL #BD 316 906 1409
1411 #EL #BD 175 1348 1410
1412 #EL #BI 315 3 1411
1413 #EL #BI 28 3 1412
#DEF 313 1353 1413 
327 #NS 0 Original_LF__DOT__Poly_LF_Poly_Exercises_fold__length
1414 #EC 313 
1415 #EA 1414 20
1416 #EA 1415 75
328 #NI 108 1899
1417 #EL #BD 298 75 697
1418 #EL #BD 328 20 1417
1419 #EA 1416 1418
1420 #EA 1419 17
1421 #EA 1420 78
1422 #EL #BD 35 903 1421
1423 #EL #BI 28 3 1422
#DEF 327 1037 1423 
329 #NS 0 Original_LF__DOT__IndProp_LF_IndProp_ev__playground_ev
330 #NS 329 ev_0
1424 #EC 329 
1425 #EA 1424 78
331 #NS 329 ev_SS
332 #NI 12 2010
1426 #EA 1424 17
1427 #EA 77 677
1428 #EA 1424 1427
1429 #EP #BD 332 1426 1428
1430 #EP #BD 298 75 1429
333 #NI 12 2002
1431 #EP #BD 333 75 1
#IND 0 329 1431 2 330 1425 331 1430 
334 #NS 0 Original_LF__DOT__Imp_LF_Imp_AExp_silly1
335 #NS 0 P
1432 #EP #BD 335 1 1248
336 #NS 0 p
1433 #EL #BD 336 17 17
1434 #EL #BD 335 1 1433
#DEF 334 1432 1434 
337 #NS 0 Original_LF__DOT__Poly_LF_Poly_Exercises_exp
338 #NI 12 1751
339 #NI 12 1753
1435 #EP #BD 339 1257 1257
1436 #EP #BD 338 1257 1435
#AX 337 1436 
340 #NS 0 Original_LF__DOT__Poly_LF_Poly_Exercises_exp__2
1437 #EC 41 8
1438 #EA 1437 1257
1439 #EC 337 
1440 #EC 304 
1441 #EA 1439 1440
1442 #EC 299 
1443 #EA 1441 1442
1444 #EA 1438 1443
1445 #EC 302 
1446 #EA 1444 1445
#AX 340 1446 
341 #NS 0 Original_LF__DOT__Poly_LF_Poly_Exercises_scc
#AX 341 1435 
342 #NS 0 Original_LF__DOT__Poly_LF_Poly_Exercises_scc__1
1447 #EC 341 
1448 #EA 1447 1442
1449 #EA 1438 1448
1450 #EA 1449 1445
#AX 342 1450 
343 #NS 0 Original_LF__DOT__IndProp_LF_IndProp_evSS__ev'
344 #NI 12 2033
1451 #EA 77 697
1452 #EA 1424 1451
1453 #EA 1424 20
1454 #EP #BD 344 1452 1453
1455 #EP #BD 298 75 1454
#AX 343 1455 
345 #NS 0 Original_LF__DOT__Poly_LF_Poly_Exercises_one__church__peano
1456 #EA 1445 75
1457 #EA 1456 1225
1458 #EA 1457 1226
1459 #EA 1224 1458
1460 #EA 1459 1227
#AX 345 1460 
346 #NS 0 Original_LF__DOT__Poly_LF_Poly_Exercises_fold__length__correct
1461 #EC 327 
1462 #EA 1461 20
1463 #EA 1462 17
1464 #EA 1224 1463
1465 #EA 1464 1083
1466 #EP #BD 35 903 1465
1467 #EP #BD 28 3 1466
#AX 346 1467 
347 #NS 0 Original_LF__DOT__Poly_LF_Poly_Exercises_test__fold__length1
1468 #EA 1461 75
1469 #EC 247 
1470 #EA 1469 75
1471 #EA 1470 1233
1472 #EA 1225 1233
1473 #EA 1225 1472
1474 #EA 1225 1473
1475 #EA 1470 1474
1476 #EA 1470 1226
1477 #EC 246 
1478 #EA 1477 75
1479 #EA 1476 1478
1480 #EA 1475 1479
1481 #EA 1471 1480
1482 #EA 1468 1481
1483 #EA 1224 1482
1484 #EA 1483 1232
#AX 347 1484 
348 #NS 0 Original_LF__DOT__Tactics_LF_Tactics_injection__ex1
349 #NS 0 o
350 #NI 12 2070
1485 #EA 902 75
1486 #EA 1223 1485
1487 #EA 1470 22
1488 #EA 1470 20
1489 #EA 1488 1478
1490 #EA 1487 1489
1491 #EA 1486 1490
1492 #EA 1470 17
1493 #EA 1492 1478
1494 #EA 1492 1493
1495 #EA 1491 1494
1496 #EA 1224 39
1497 #EA 1496 22
1498 #EP #BD 350 1495 1497
1499 #EP #BD 349 75 1498
1500 #EP #BD 233 75 1499
1501 #EP #BD 298 75 1500
#AX 348 1501 
351 #NS 0 Original_LF__DOT__Tactics_LF_Tactics_injection__ex3
352 #NS 0 y
353 #NS 0 z
354 #NS 0 j
355 #NI 12 2111
1502 #EA 1223 1006
1503 #EA 1469 132
1504 #EA 1503 43
1505 #EA 1503 39
1506 #EA 1505 20
1507 #EA 1504 1506
1508 #EA 1502 1507
1509 #EA 1503 22
1510 #EA 1509 17
1511 #EA 1508 1510
356 #NI 12 2127
1512 #EA 1223 1136
1513 #EA 1512 20
1514 #EA 1469 127
1515 #EA 1514 39
1516 #EA 1515 22
1517 #EA 1513 1516
1518 #EA 1223 195
1519 #EA 1518 127
1520 #EA 1519 132
1521 #EP #BD 356 1517 1520
1522 #EP #BD 355 1511 1521
1523 #EP #BD 354 960 1522
1524 #EP #BD 35 925 1523
1525 #EP #BD 353 22 1524
1526 #EP #BD 352 20 1525
1527 #EP #BD 105 17 1526
1528 #EP #BD 28 3 1527
#AX 351 1528 
